<?xml version="1.0" encoding="UTF-8"?>
<robot generator="Robot 4.1 (Python 3.8.0 on win32)" generated="20220201 21:32:07.271" rpa="false" schemaversion="2">
<suite id="s1" name="Apiautomation" source="C:\Users\User\Desktop\cursorobotframework\tests\features\apiautomation.robot">
<test id="s1-t1" name="Cenario: Realizar a consulta de livros">
<kw name="Create Session" library="RequestsLibrary">
<arg>booksAPI</arg>
<arg>https://fakerestapi.azurewebsites.net/api/v1</arg>
<arg>disable_warnings=${True}</arg>
<doc>Create Session: create a HTTP session to a server</doc>
<msg timestamp="20220201 21:32:07.823" level="INFO">Creating Session using : alias=booksAPI, url=https://fakerestapi.azurewebsites.net/api/v1, headers={},                     cookies={}, auth=None, timeout=None, proxies=None, verify=False,                     debug=0 </msg>
<status status="PASS" starttime="20220201 21:32:07.823" endtime="20220201 21:32:07.825"/>
</kw>
<kw name="Create Dictionary" library="BuiltIn">
<var>${HEADERS}</var>
<arg>content-type=application/json</arg>
<doc>Creates and returns a dictionary based on the given ``items``.</doc>
<msg timestamp="20220201 21:32:07.826" level="INFO">${HEADERS} = {'content-type': 'application/json'}</msg>
<status status="PASS" starttime="20220201 21:32:07.825" endtime="20220201 21:32:07.826"/>
</kw>
<kw name="Set Test Variable" library="BuiltIn">
<arg>${HEADERS}</arg>
<doc>Makes a variable available everywhere within the scope of the current test.</doc>
<msg timestamp="20220201 21:32:07.826" level="INFO">${HEADERS} = {'content-type': 'application/json'}</msg>
<status status="PASS" starttime="20220201 21:32:07.826" endtime="20220201 21:32:07.826"/>
</kw>
<kw name="GET On Session" library="RequestsLibrary">
<var>${RESPOSTA}</var>
<arg>booksAPI</arg>
<arg>Books</arg>
<arg>expected_status=any</arg>
<doc>Sends a GET request on a previously created HTTP Session.</doc>
<msg timestamp="20220201 21:32:10.026" level="INFO">GET Request : url=https://fakerestapi.azurewebsites.net/api/v1/Books 
 path_url=/api/v1/Books 
 headers={'User-Agent': 'python-requests/2.26.0', 'Accept-Encoding': 'gzip, deflate, br', 'Accept': '*/*', 'Connection': 'keep-alive'} 
 body=None 
 </msg>
<msg timestamp="20220201 21:32:10.026" level="INFO">GET Response : url=https://fakerestapi.azurewebsites.net/api/v1/Books 
 status=200, reason=OK 
 headers={'Transfer-Encoding': 'chunked', 'Content-Type': 'application/json; charset=utf-8; v=1.0', 'Server': 'Kestrel', 'api-supported-versions': '1.0', 'Date': 'Wed, 02 Feb 2022 00:32:07 GMT'} 
 body=[{"id":1,"title":"Book 1","description":"Dignissim eirmod vero dolor ea erat imperdiet adipiscing ea elitr. Feugait at sit molestie lorem clita amet velit vel. Et nonumy vero. Sea tempor ipsum no consetetur possim takimata justo dolores tincidunt ut. Dolor at amet invidunt elitr kasd facilisis ut. Est consetetur stet aliquyam quod sanctus amet ipsum. Est lorem aliquam amet lorem at eirmod dolor sanctus erat. Nonumy nulla amet consequat suscipit sadipscing consetetur elitr sadipscing vero et amet. Vero ipsum sadipscing labore labore amet autem in ea odio. No kasd sit illum qui ipsum diam diam elitr diam ipsum magna ipsum ea diam amet magna sea. Dolor dolore aliquam magna diam dolor dolore ipsum duo nonumy eirmod consectetuer. Ipsum et nonumy consequat placerat ullamcorper dolor accusam. Lorem justo clita accusam accusam consetetur justo. Adipiscing invidunt sit blandit justo. Volutpat aliquyam et magna amet ut et et ipsum. Erat clita vulputate vero elitr eros odio dolores.\n","pageCount":100,"excerpt":"Aliquyam lobortis justo sanctus dolore eirmod erat vero assum dolore ea sanctus et feugait velit et dolore facilisis. Et rebum illum et lobortis hendrerit. Et et sit sea veniam amet dolore lorem dolor dolores consetetur tempor. Rebum consetetur duis dolor consequat diam vero sed dolor sed hendrerit gubergren diam stet sea dolores dolor. Eirmod dolor et sit lorem voluptua dolore takimata consequat stet aliquyam takimata. Vero sit illum diam lobortis et sit labore ea lobortis amet at et tempor eos. Accusam eirmod vulputate ipsum duis kasd sea te ipsum sed. Accusam sea aliquip sadipscing rebum nonumy diam illum consectetuer quis et. Clita nulla lorem ut sadipscing eos gubergren nonumy. Lorem diam eirmod. Vero invidunt nam stet est molestie eros luptatum laoreet erat et feugiat te invidunt esse at quod duis. Lorem ipsum duo at. Voluptua ipsum sanctus est dolor consectetuer eos in est. Accusam esse dolor accusam nulla elitr. Justo vel et consequat in dolor velit hendrerit rebum lorem et clita labore. Id sea stet invidunt sed amet nam delenit diam liber. Eos takimata molestie augue vulputate odio accusam dolore justo dolores lorem accumsan sit invidunt sit justo adipiscing.\nSea sed accusam erat voluptua autem hendrerit ut consequat veniam eos laoreet takimata rebum kasd ea doming. Amet sed et sadipscing dolore ea sed diam volutpat dolores sit amet elit at eros kasd dolor sea consequat. Facilisi invidunt dolor ipsum dolor hendrerit sit consetetur vel voluptua.\nJusto et vel luptatum nonumy ea luptatum sanctus est molestie vero. Et facilisi aliquyam autem sit amet commodo lorem. Ipsum rebum euismod nonumy. Eos diam duo aliquyam quis gubergren ipsum et id veniam sea kasd nobis ea quis. Iriure ut kasd ea ipsum sit nostrud dolore ipsum blandit no amet qui. Et takimata kasd ea elitr et vulputate sea amet rebum aliquam lorem ipsum.\nInvidunt stet sit in ut euismod at sit velit stet diam ex suscipit dolore. Amet molestie elit eos consetetur ex. Ipsum eos labore gubergren illum feugait consequat diam. Lorem at eos clita eos elitr est dolores sit sed dolore odio ipsum dolore voluptua. Dolor velit sit. Duo vero takimata sea eirmod voluptua sed sea mazim sed et lorem clita hendrerit nonummy et. Tempor ipsum sed euismod praesent kasd invidunt voluptua sit sit vero no. Nonumy eos ut. Justo at justo ea sea nihil no dolor quod. Et invidunt ullamcorper consetetur. Ut erat exerci labore duo diam praesent feugiat dolor et sea sea ipsum amet augue sit sit assum. Eos ea eos et sanctus sanctus ea vel at sanctus delenit diam lorem invidunt. Vero eu ex diam dolores amet tempor rebum lorem et adipiscing stet gubergren dolor erat lorem at dolores. Accusam eos vel labore aliquyam diam ipsum vel tincidunt at at sadipscing molestie invidunt.\nLabore et takimata accusam rebum liber eos takimata dolor duis tempor aliquam lorem amet ipsum dolor placerat justo. Quis sit aliquyam est clita. Eos quod lorem et nonumy clita duo dolore iusto amet. Justo clita vero et amet est ipsum commodo in et. Eu sanctus lorem qui ex. Takimata stet eirmod ea consetetur eros aliquyam clita clita aliquip clita duis lorem dolor sed et amet. Aliquyam sit tempor delenit dolor ipsum molestie diam.\n","publishDate":"2022-02-01T00:32:08.4046885+00:00"},{"id":2,"title":"Book 2","description":"Gubergren eos et nonumy sed dolores blandit no sanctus tempor vero cum. Lorem rebum et invidunt dolor accusam duo aliquip et est dolore nonumy facilisi sit veniam at in doming. Aliquyam ad sit tempor feugiat takimata sanctus. Ipsum ipsum tempor vel eum diam ipsum et et justo sit vel justo erat magna doming diam tempor. Dignissim et takimata consequat ea sed ea eos congue ipsum voluptua in erat veniam et dolor. Takimata iriure accusam amet tempor stet te eirmod enim gubergren justo illum diam. Facilisis vel et vel dolore at consequat sed vulputate clita et. Stet nonumy clita et accusam dignissim laoreet rebum hendrerit ut et est. No magna lorem ut magna amet ipsum et ipsum dolore kasd laoreet aliquyam invidunt magna vel erat. In vero dolore wisi odio. Dolore eirmod et consetetur dolor.\n","pageCount":200,"excerpt":"Feugiat ut esse vero gubergren invidunt nulla. Kasd enim nam et sea dolor at. Duo sed euismod nostrud. Vero eu justo no ullamcorper possim stet sadipscing et iriure dolore erat ullamcorper tempor sit duis erat accusam erat. Sed magna vero id soluta stet stet ipsum dolor lorem amet. Id exerci accusam lorem et sed ea diam sanctus magna. Et et invidunt clita sadipscing sed. Est takimata kasd nonumy lorem at voluptua eum sanctus duis in erat sit et. Diam ex amet consequat dolore. Enim dolor tempor ea erat ipsum dolor odio minim exerci assum clita dolore dolor sadipscing sit tempor. Nulla dolore eos elitr nam est nisl. Nulla kasd sit. At eros et duo suscipit ipsum sea hendrerit in eos vero et at invidunt eirmod. Rebum et duo autem lorem eos invidunt tempor. Iusto augue magna nulla dolor diam sea dolore ipsum invidunt kasd tempor eleifend accusam eirmod eirmod. Ea et aliquam. Dolores dolore blandit sit et sea sadipscing kasd et dolor lorem eirmod consetetur tempor diam facilisis lorem nonumy. Ea dolore dolore lorem sed sit consectetuer dolor nulla te tempor no at labore et et sadipscing rebum facilisi. Et ea elitr consetetur dolores diam et liber labore clita nulla stet.\nEt justo takimata erat nulla amet takimata nonumy duis lorem labore consetetur clita est eos. Labore rebum sadipscing dolor labore amet vero ut dolore et labore voluptua ea ex aliquyam. Eirmod justo kasd invidunt delenit nonumy odio takimata et sadipscing vulputate amet kasd mazim amet clita sed duo. Sit et dolores gubergren accusam sit iusto ipsum takimata et aliquyam possim elitr et no et eros at ut. Quis placerat justo eu gubergren illum et at no at. Rebum ex eros vel.\nNo possim sanctus voluptua adipiscing eirmod hendrerit et ipsum iriure voluptua ut et dolor et. Sit et gubergren justo ut lorem no vero kasd magna adipiscing elitr duo nonumy ut clita velit dolor et. Ea no sed sadipscing ut gubergren nam invidunt amet takimata nonumy dolor accumsan ut labore sadipscing. Duo ut no magna dolore. Lorem sit vel vulputate rebum. Rebum nulla blandit vel kasd imperdiet sed lorem dolor tincidunt voluptua clita iusto. At et diam dolor et nonumy. Sadipscing volutpat dolores takimata elitr et zzril mazim iriure elitr eirmod sea gubergren magna vel nonumy sanctus ad magna. Et diam sed no ut nonummy tempor ex erat dolore amet velit at. Vulputate no et dolor et sanctus amet clita sadipscing consequat et aliquip clita. Zzril invidunt labore et sed ea ut sanctus amet sea. Amet magna kasd rebum vel sed autem et vero suscipit sit et clita vel. Ipsum gubergren consetetur lobortis tempor clita ea ipsum lorem sadipscing veniam erat imperdiet. Duo adipiscing amet sea ipsum lobortis magna duo dolores nonumy iriure.\nEirmod vero ea erat et. Et et takimata nonummy molestie accusam consequat duo sed takimata. Est stet ipsum justo sanctus vero dolor nulla tincidunt nonumy ea ipsum minim rebum stet sed. Consetetur erat velit amet nonumy aliquip eum amet sadipscing lorem clita tempor sanctus diam lorem tempor aliquyam at sed. Consectetuer kasd lorem rebum nobis stet liber dolor et eum eu et sadipscing accusam vero ipsum dolor et. Illum at erat clita accusam. In consequat erat euismod facer kasd nonumy lorem eos minim clita aliquyam te clita voluptua amet. At dolor est. Consetetur nisl stet voluptua voluptua lorem gubergren ut autem nisl ipsum sed vero vero ut labore sea aliquyam commodo. Consetetur et no stet justo. Stet nonumy dolor dolor eirmod et adipiscing dolor. Sit sadipscing takimata enim clita nulla. At no vero dolor vel assum et kasd invidunt amet enim stet exerci vero id sit eirmod duo. Lorem adipiscing et. Lorem sanctus et voluptua gubergren te ut labore tempor clita erat amet amet ipsum et. Consetetur vulputate euismod gubergren sadipscing et voluptua nostrud vero facilisi elitr justo dolor et autem ipsum et in. Eos erat minim takimata justo invidunt elit elit dolor ea quis dolor dolor stet sed luptatum vel gubergren.\nLorem takimata eos dolor. Blandit ex eirmod amet vel et facer. Clita consetetur amet magna autem sanctus at stet odio lorem amet nonumy ipsum amet dolore dolor lorem. Nonumy delenit invidunt ut dolores. Gubergren diam sit vel tempor iriure luptatum vel vero vulputate cum. Labore adipiscing ea lorem labore amet et ipsum lorem takimata ut ut blandit ut sit ipsum nostrud. Est facilisi kasd. In in nonumy eos lobortis sed eirmod. Et at nostrud velit duo lorem magna sit. Laoreet eirmod delenit clita ex ut sit. Sed autem stet justo lorem dolore kasd et diam erat diam ipsum erat suscipit sed ea dolor. Sed rebum amet luptatum sadipscing accusam veniam aliquyam quis. Eum invidunt invidunt elitr sadipscing. Augue sadipscing takimata diam eos duis autem et ea no et diam ut duo sit. Accusam labore at eos at. Est elitr et duo vulputate elitr est dolor elitr ea est sea amet ipsum. Augue nihil option labore eos duo ut sit at. Eum eo... (set the log level to DEBUG or TRACE to see the full content) 
 </msg>
<msg timestamp="20220201 21:32:10.027" level="INFO">${RESPOSTA} = &lt;Response [200]&gt;</msg>
<status status="PASS" starttime="20220201 21:32:07.827" endtime="20220201 21:32:10.027"/>
</kw>
<kw name="Log" library="BuiltIn">
<arg>${RESPOSTA.text}</arg>
<doc>Logs the given message with the given level.</doc>
<msg timestamp="20220201 21:32:10.033" level="INFO">[{"id":1,"title":"Book 1","description":"Dignissim eirmod vero dolor ea erat imperdiet adipiscing ea elitr. Feugait at sit molestie lorem clita amet velit vel. Et nonumy vero. Sea tempor ipsum no consetetur possim takimata justo dolores tincidunt ut. Dolor at amet invidunt elitr kasd facilisis ut. Est consetetur stet aliquyam quod sanctus amet ipsum. Est lorem aliquam amet lorem at eirmod dolor sanctus erat. Nonumy nulla amet consequat suscipit sadipscing consetetur elitr sadipscing vero et amet. Vero ipsum sadipscing labore labore amet autem in ea odio. No kasd sit illum qui ipsum diam diam elitr diam ipsum magna ipsum ea diam amet magna sea. Dolor dolore aliquam magna diam dolor dolore ipsum duo nonumy eirmod consectetuer. Ipsum et nonumy consequat placerat ullamcorper dolor accusam. Lorem justo clita accusam accusam consetetur justo. Adipiscing invidunt sit blandit justo. Volutpat aliquyam et magna amet ut et et ipsum. Erat clita vulputate vero elitr eros odio dolores.\n","pageCount":100,"excerpt":"Aliquyam lobortis justo sanctus dolore eirmod erat vero assum dolore ea sanctus et feugait velit et dolore facilisis. Et rebum illum et lobortis hendrerit. Et et sit sea veniam amet dolore lorem dolor dolores consetetur tempor. Rebum consetetur duis dolor consequat diam vero sed dolor sed hendrerit gubergren diam stet sea dolores dolor. Eirmod dolor et sit lorem voluptua dolore takimata consequat stet aliquyam takimata. Vero sit illum diam lobortis et sit labore ea lobortis amet at et tempor eos. Accusam eirmod vulputate ipsum duis kasd sea te ipsum sed. Accusam sea aliquip sadipscing rebum nonumy diam illum consectetuer quis et. Clita nulla lorem ut sadipscing eos gubergren nonumy. Lorem diam eirmod. Vero invidunt nam stet est molestie eros luptatum laoreet erat et feugiat te invidunt esse at quod duis. Lorem ipsum duo at. Voluptua ipsum sanctus est dolor consectetuer eos in est. Accusam esse dolor accusam nulla elitr. Justo vel et consequat in dolor velit hendrerit rebum lorem et clita labore. Id sea stet invidunt sed amet nam delenit diam liber. Eos takimata molestie augue vulputate odio accusam dolore justo dolores lorem accumsan sit invidunt sit justo adipiscing.\nSea sed accusam erat voluptua autem hendrerit ut consequat veniam eos laoreet takimata rebum kasd ea doming. Amet sed et sadipscing dolore ea sed diam volutpat dolores sit amet elit at eros kasd dolor sea consequat. Facilisi invidunt dolor ipsum dolor hendrerit sit consetetur vel voluptua.\nJusto et vel luptatum nonumy ea luptatum sanctus est molestie vero. Et facilisi aliquyam autem sit amet commodo lorem. Ipsum rebum euismod nonumy. Eos diam duo aliquyam quis gubergren ipsum et id veniam sea kasd nobis ea quis. Iriure ut kasd ea ipsum sit nostrud dolore ipsum blandit no amet qui. Et takimata kasd ea elitr et vulputate sea amet rebum aliquam lorem ipsum.\nInvidunt stet sit in ut euismod at sit velit stet diam ex suscipit dolore. Amet molestie elit eos consetetur ex. Ipsum eos labore gubergren illum feugait consequat diam. Lorem at eos clita eos elitr est dolores sit sed dolore odio ipsum dolore voluptua. Dolor velit sit. Duo vero takimata sea eirmod voluptua sed sea mazim sed et lorem clita hendrerit nonummy et. Tempor ipsum sed euismod praesent kasd invidunt voluptua sit sit vero no. Nonumy eos ut. Justo at justo ea sea nihil no dolor quod. Et invidunt ullamcorper consetetur. Ut erat exerci labore duo diam praesent feugiat dolor et sea sea ipsum amet augue sit sit assum. Eos ea eos et sanctus sanctus ea vel at sanctus delenit diam lorem invidunt. Vero eu ex diam dolores amet tempor rebum lorem et adipiscing stet gubergren dolor erat lorem at dolores. Accusam eos vel labore aliquyam diam ipsum vel tincidunt at at sadipscing molestie invidunt.\nLabore et takimata accusam rebum liber eos takimata dolor duis tempor aliquam lorem amet ipsum dolor placerat justo. Quis sit aliquyam est clita. Eos quod lorem et nonumy clita duo dolore iusto amet. Justo clita vero et amet est ipsum commodo in et. Eu sanctus lorem qui ex. Takimata stet eirmod ea consetetur eros aliquyam clita clita aliquip clita duis lorem dolor sed et amet. Aliquyam sit tempor delenit dolor ipsum molestie diam.\n","publishDate":"2022-02-01T00:32:08.4046885+00:00"},{"id":2,"title":"Book 2","description":"Gubergren eos et nonumy sed dolores blandit no sanctus tempor vero cum. Lorem rebum et invidunt dolor accusam duo aliquip et est dolore nonumy facilisi sit veniam at in doming. Aliquyam ad sit tempor feugiat takimata sanctus. Ipsum ipsum tempor vel eum diam ipsum et et justo sit vel justo erat magna doming diam tempor. Dignissim et takimata consequat ea sed ea eos congue ipsum voluptua in erat veniam et dolor. Takimata iriure accusam amet tempor stet te eirmod enim gubergren justo illum diam. Facilisis vel et vel dolore at consequat sed vulputate clita et. Stet nonumy clita et accusam dignissim laoreet rebum hendrerit ut et est. No magna lorem ut magna amet ipsum et ipsum dolore kasd laoreet aliquyam invidunt magna vel erat. In vero dolore wisi odio. Dolore eirmod et consetetur dolor.\n","pageCount":200,"excerpt":"Feugiat ut esse vero gubergren invidunt nulla. Kasd enim nam et sea dolor at. Duo sed euismod nostrud. Vero eu justo no ullamcorper possim stet sadipscing et iriure dolore erat ullamcorper tempor sit duis erat accusam erat. Sed magna vero id soluta stet stet ipsum dolor lorem amet. Id exerci accusam lorem et sed ea diam sanctus magna. Et et invidunt clita sadipscing sed. Est takimata kasd nonumy lorem at voluptua eum sanctus duis in erat sit et. Diam ex amet consequat dolore. Enim dolor tempor ea erat ipsum dolor odio minim exerci assum clita dolore dolor sadipscing sit tempor. Nulla dolore eos elitr nam est nisl. Nulla kasd sit. At eros et duo suscipit ipsum sea hendrerit in eos vero et at invidunt eirmod. Rebum et duo autem lorem eos invidunt tempor. Iusto augue magna nulla dolor diam sea dolore ipsum invidunt kasd tempor eleifend accusam eirmod eirmod. Ea et aliquam. Dolores dolore blandit sit et sea sadipscing kasd et dolor lorem eirmod consetetur tempor diam facilisis lorem nonumy. Ea dolore dolore lorem sed sit consectetuer dolor nulla te tempor no at labore et et sadipscing rebum facilisi. Et ea elitr consetetur dolores diam et liber labore clita nulla stet.\nEt justo takimata erat nulla amet takimata nonumy duis lorem labore consetetur clita est eos. Labore rebum sadipscing dolor labore amet vero ut dolore et labore voluptua ea ex aliquyam. Eirmod justo kasd invidunt delenit nonumy odio takimata et sadipscing vulputate amet kasd mazim amet clita sed duo. Sit et dolores gubergren accusam sit iusto ipsum takimata et aliquyam possim elitr et no et eros at ut. Quis placerat justo eu gubergren illum et at no at. Rebum ex eros vel.\nNo possim sanctus voluptua adipiscing eirmod hendrerit et ipsum iriure voluptua ut et dolor et. Sit et gubergren justo ut lorem no vero kasd magna adipiscing elitr duo nonumy ut clita velit dolor et. Ea no sed sadipscing ut gubergren nam invidunt amet takimata nonumy dolor accumsan ut labore sadipscing. Duo ut no magna dolore. Lorem sit vel vulputate rebum. Rebum nulla blandit vel kasd imperdiet sed lorem dolor tincidunt voluptua clita iusto. At et diam dolor et nonumy. Sadipscing volutpat dolores takimata elitr et zzril mazim iriure elitr eirmod sea gubergren magna vel nonumy sanctus ad magna. Et diam sed no ut nonummy tempor ex erat dolore amet velit at. Vulputate no et dolor et sanctus amet clita sadipscing consequat et aliquip clita. Zzril invidunt labore et sed ea ut sanctus amet sea. Amet magna kasd rebum vel sed autem et vero suscipit sit et clita vel. Ipsum gubergren consetetur lobortis tempor clita ea ipsum lorem sadipscing veniam erat imperdiet. Duo adipiscing amet sea ipsum lobortis magna duo dolores nonumy iriure.\nEirmod vero ea erat et. Et et takimata nonummy molestie accusam consequat duo sed takimata. Est stet ipsum justo sanctus vero dolor nulla tincidunt nonumy ea ipsum minim rebum stet sed. Consetetur erat velit amet nonumy aliquip eum amet sadipscing lorem clita tempor sanctus diam lorem tempor aliquyam at sed. Consectetuer kasd lorem rebum nobis stet liber dolor et eum eu et sadipscing accusam vero ipsum dolor et. Illum at erat clita accusam. In consequat erat euismod facer kasd nonumy lorem eos minim clita aliquyam te clita voluptua amet. At dolor est. Consetetur nisl stet voluptua voluptua lorem gubergren ut autem nisl ipsum sed vero vero ut labore sea aliquyam commodo. Consetetur et no stet justo. Stet nonumy dolor dolor eirmod et adipiscing dolor. Sit sadipscing takimata enim clita nulla. At no vero dolor vel assum et kasd invidunt amet enim stet exerci vero id sit eirmod duo. Lorem adipiscing et. Lorem sanctus et voluptua gubergren te ut labore tempor clita erat amet amet ipsum et. Consetetur vulputate euismod gubergren sadipscing et voluptua nostrud vero facilisi elitr justo dolor et autem ipsum et in. Eos erat minim takimata justo invidunt elit elit dolor ea quis dolor dolor stet sed luptatum vel gubergren.\nLorem takimata eos dolor. Blandit ex eirmod amet vel et facer. Clita consetetur amet magna autem sanctus at stet odio lorem amet nonumy ipsum amet dolore dolor lorem. Nonumy delenit invidunt ut dolores. Gubergren diam sit vel tempor iriure luptatum vel vero vulputate cum. Labore adipiscing ea lorem labore amet et ipsum lorem takimata ut ut blandit ut sit ipsum nostrud. Est facilisi kasd. In in nonumy eos lobortis sed eirmod. Et at nostrud velit duo lorem magna sit. Laoreet eirmod delenit clita ex ut sit. Sed autem stet justo lorem dolore kasd et diam erat diam ipsum erat suscipit sed ea dolor. Sed rebum amet luptatum sadipscing accusam veniam aliquyam quis. Eum invidunt invidunt elitr sadipscing. Augue sadipscing takimata diam eos duis autem et ea no et diam ut duo sit. Accusam labore at eos at. Est elitr et duo vulputate elitr est dolor elitr ea est sea amet ipsum. Augue nihil option labore eos duo ut sit at. Eum eos stet wisi ipsum consectetuer. Magna est eirmod et dignissim est gubergren ut duo.\n","publishDate":"2022-01-31T00:32:08.4048+00:00"},{"id":3,"title":"Book 3","description":"Iriure magna tempor et ipsum elitr et suscipit at dolor dolores sed. Sit dolores diam diam justo at. Velit ipsum consetetur diam vero dolore iriure sadipscing iriure possim facilisis sanctus. Praesent justo diam magna magna at possim nonumy kasd at. Consectetuer aliquyam amet eirmod nisl rebum justo amet. Sed sit magna eirmod et lorem eirmod amet eirmod stet est justo. Ut eirmod dolor invidunt molestie dolor consetetur invidunt labore takimata iusto eum augue dolor. Est exerci diam et diam nostrud lorem molestie eirmod vulputate lorem tincidunt tempor est. Lorem hendrerit enim et. Sed kasd aliquyam amet duo takimata et takimata exerci hendrerit gubergren odio nonumy.\n","pageCount":300,"excerpt":"Vero nisl labore elitr elit est esse sanctus amet et eum takimata dolore. Ipsum labore et consetetur labore dolores sadipscing nonumy et ipsum justo eirmod dolor dolor. Lorem dolore ut consetetur no ea sit lobortis et lobortis. Vero est veniam sed nonumy amet id vel est nostrud tempor sed sanctus voluptua et ad clita consequat.\nStet eirmod elitr ut sit veniam stet vulputate erat. Vel dolor nonumy sed vero nonumy duis sanctus stet ipsum minim sadipscing elitr est. Facer aliquyam duo diam dignissim ex lorem ipsum sea amet ut clita dolore minim sed invidunt ipsum justo justo.\nLabore nulla accusam magna rebum magna amet dolor labore justo. Esse stet sadipscing dolore eum eleifend vero invidunt sea ea dolore rebum sit. Et exerci invidunt kasd nulla sadipscing. Sadipscing tation ipsum et nulla ut odio. Ipsum te accumsan at sadipscing sea et erat wisi sed accusam sed gubergren.\nSed ea dignissim tempor nibh vulputate commodo sanctus id doming nisl sed magna et ipsum et. Accusam esse vulputate aliquip. Facilisi nulla tempor ut consetetur assum elitr tempor nobis at nonumy accusam clita blandit. Eos diam dolore magna labore ea aliquyam suscipit sed at sea volutpat at consequat et magna vel. Lorem sadipscing sed dolores no consetetur stet ea takimata sadipscing. Diam duo augue ipsum accusam sit consetetur cum et dolores sadipscing in eirmod nostrud et justo. Et accumsan feugiat in laoreet sea stet at sit est dolor nam takimata takimata sed invidunt justo ullamcorper amet. Justo diam dolore voluptua dolor clita ea sanctus consequat dolore ut ut vero sed commodo dolore magna facilisi. Te vel vero velit amet dolore dolor. Gubergren dolore sanctus ipsum ipsum dolore invidunt ipsum. Stet suscipit aliquyam dolor vero at elitr te ipsum amet. Et nulla sadipscing vero luptatum takimata wisi feugiat sit. Ea amet amet minim velit in nonummy hendrerit. Et wisi eirmod amet odio voluptua diam invidunt. Sed magna aliquyam. Diam labore lorem dolore gubergren aliquip et aliquyam magna sit. Rebum dolor et magna ad. Dolor et et nulla ipsum.\nNibh velit congue tincidunt nonumy amet sit rebum ex et odio et amet sanctus erat diam. Feugiat diam eirmod no tempor vero ipsum sit qui sed. Eu aliquyam sea consequat accusam accusam vero in dolor ut diam nibh.\n","publishDate":"2022-01-30T00:32:08.4048458+00:00"},{"id":4,"title":"Book 4","description":"Erat stet ut lorem. Lorem iriure takimata ut aliquyam ut at rebum in et dolor feugiat ut nulla. Et sea sed sadipscing rebum erat amet. Vero dolores esse erat. Accusam sed dolore sit magna tempor aliquyam et sadipscing et diam diam sit takimata labore justo tempor. Est accusam invidunt dolore accusam odio elitr ut et eu nobis labore diam quis erat magna. Autem et takimata vel gubergren diam eros eos velit dolore. Duo nonumy ea consequat aliquyam ea molestie ut takimata ullamcorper accusam nonumy dolore amet kasd erat amet gubergren eleifend.\n","pageCount":400,"excerpt":"Ea augue est elit et dignissim et dolore amet tempor ipsum nonumy eos blandit. Invidunt rebum ipsum esse diam velit vero dolor vero dolore magna commodo sit magna consetetur autem invidunt sit nulla. Eum kasd dolor eu et dolore diam. Esse amet amet molestie. Labore amet velit in sed no ipsum facer exerci vero sit diam justo accusam rebum. Ut dolores elitr lorem. Facilisi at clita. Ipsum consequat sea. Rebum sed ipsum eum. Sit dolore sea eos no ut lorem aliquyam dolore gubergren dolor accusam rebum. Sit amet commodo ipsum quod tation erat tation. Vero dolores eos voluptua vel nostrud consequat invidunt invidunt veniam. Accusam erat sadipscing ut no liber amet sit in no.\nEros in et dolore adipiscing nisl invidunt ut sadipscing. Vel dolor sanctus ut iriure sed ipsum ipsum dolore illum ullamcorper volutpat dignissim justo dolor rebum consetetur tempor. Sed ut dolore magna amet wisi labore sanctus eum stet rebum clita euismod laoreet consetetur. Ullamcorper nonumy eos at est labore sanctus eum quod elitr no takimata diam erat odio. Dolore et adipiscing sed dolore tempor sanctus. Eum dolor sanctus facer kasd aliquam aliquyam amet et sea sanctus duo. Stet elitr et consequat et iusto takimata sanctus voluptua ipsum. Diam et dolor et diam lorem. Laoreet eos et. Dolor feugiat et rebum et clita stet eleifend nonumy amet justo eos diam ex invidunt vero ut. Duis et ut dolore nonumy rebum amet sed gubergren est invidunt erat vulputate. Nisl ipsum aliquyam sit feugiat vulputate sit sit sadipscing consetetur quod ea. Ipsum suscipit hendrerit velit sed duis vero et amet ad ipsum in magna. Elitr dolor no nulla amet clita vero dolor elitr kasd labore. Ea nihil esse accumsan takimata magna at et luptatum placerat possim amet no nobis commodo diam accusam. Illum magna kasd justo no consetetur ut veniam tempor ipsum justo. Rebum nonumy eos sit illum id labore.\nEt augue congue dolor clita illum elitr et elit nonumy amet facilisis nisl id lorem. Sit assum autem tation facilisis magna et lorem duo sed amet diam clita et takimata sanctus euismod amet qui. Adipiscing dolores et diam sadipscing feugait. Takimata nisl et nulla illum justo diam invidunt sanctus. Molestie hendrerit ea sanctus dolor labore sea tempor rebum no augue. Tincidunt invidunt diam at ut tation erat aliquyam stet ea ut lorem ea justo labore lobortis. Nibh ut blandit sit et sed in dolores kasd invidunt dolore. Autem feugiat vel rebum ea voluptua ipsum dolore no. Eirmod takimata at te laoreet et stet diam at amet odio te takimata eos kasd eirmod amet. Autem sea vero. Dolor ea diam ut ea vulputate magna in invidunt. Praesent voluptua zzril aliquyam voluptua ut ipsum labore lorem accusam dolore et erat sit accusam minim. Wisi ea ipsum assum sit diam dolores sea kasd elitr dolores eos vero in eleifend stet ipsum. Magna euismod ex. Magna facilisis stet lorem dolore at dolor invidunt ipsum illum sanctus iusto luptatum consetetur et. Ea ea stet justo ea ipsum ut dolore aliquyam. Amet aliquip in sea nonumy tempor volutpat lorem at duis dolore dolor feugait elitr rebum at.\nAd aliquam sed takimata magna est sed eleifend vero magna aliquyam gubergren takimata sit eos. Nulla vero quis dolor dolor justo dolor dolore dolor liber eos justo nonumy accusam est diam elitr dolor. Dolore sit iusto tincidunt lorem feugiat. Consetetur justo eos labore dolor vero eos velit stet est et stet. Stet praesent zzril est id dolore no tation sanctus.\nDuo eos esse minim et sea lorem nisl stet tempor quod vel facilisi. Et adipiscing erat. Nulla wisi et et kasd lorem clita tempor commodo erat eos et. Tempor sit aliquip et amet ex. Ad est dolor vero amet lorem aliquyam et sea tempor tincidunt dolore delenit. Lorem hendrerit ea iusto duis dolor duis tempor at vero dolore sed eos takimata consequat sanctus. Dolor magna lorem no lorem amet stet magna at. Elitr imperdiet wisi clita diam sea quod nonumy eos. Dolor molestie ea nulla voluptua rebum erat erat. Magna lorem aliquyam sit dolor. Dolor ea rebum facilisis tempor dolor quis tempor no iusto diam no tempor feugait labore erat sit. Eirmod voluptua stet et justo et esse accusam vel eos consetetur illum iusto dolor aliquyam. Nonumy elitr no in sit duis ut dolor sanctus sea ea est elitr ipsum accumsan dolor magna. Adipiscing nulla stet ut vel dolore takimata et dolores eirmod diam eum ut magna erat tincidunt justo elitr dolore.\n","publishDate":"2022-01-29T00:32:08.404961+00:00"},{"id":5,"title":"Book 5","description":"Velit elitr sit sadipscing kasd consectetuer et augue amet autem elitr ut doming stet diam rebum. Eu labore dolor eos luptatum. Accumsan erat eos. Voluptua delenit sit dolore vulputate ipsum amet elitr eu dolores eros volutpat ipsum vero iriure sit tation nisl. Facilisi duo exerci erat et vel ea euismod elitr eos amet laoreet ea. Nulla sea lorem et dolore est erat luptatum accusam lobortis diam sed sea invidunt at amet. Exerci nonumy labore duo tempor dolor ut. Justo erat dolor laoreet et tempor augue duis consequat hendrerit amet. Invidunt laoreet autem rebum takimata dolor amet dolore eirmod magna sed. Elitr et est gubergren magna tempor. Sed rebum kasd illum duo et sed duo consequat justo lorem. Et duis sanctus nibh dolore et dignissim nulla diam adipiscing esse facilisis nibh no. Facilisis duis eleifend erat ut doming ipsum no nonumy. Consetetur illum aliquyam quis feugiat ea.\n","pageCount":500,"excerpt":"Rebum illum dolores ut nulla ut laoreet autem feugiat sit facer. Erat dolor sadipscing et praesent iusto accusam et et autem. Vulputate iriure sed et amet tincidunt rebum facilisis dignissim euismod et amet. Duo in magna diam velit et dolores luptatum vulputate vel dolores facilisis nonumy sit. At sadipscing et accumsan zzril ea dolor no dolor amet adipiscing et veniam vero et et option accusam. Labore eos vulputate consetetur dolores clita ad amet sit voluptua at dolor takimata vero praesent nobis ut labore. Vel eos velit ea sea diam sea sit accusam hendrerit ut. Ipsum est sed clita vero ut amet. Vero lorem rebum dolor consequat erat ipsum at kasd clita sed sanctus et et amet duis ut aliquam. Dolores gubergren clita aliquyam sadipscing ut kasd ut sadipscing ea minim. Et elitr voluptua lorem ut labore esse invidunt dolore. Commodo et exerci ut eirmod consetetur nisl diam sadipscing rebum justo nisl dolore ea. Dolor accusam stet. Vulputate iriure gubergren nonummy ipsum vero et nibh rebum et duis sed dolor et tincidunt. Nonumy iusto sed lorem amet lorem nonumy et invidunt no gubergren no. Eirmod dolore stet sed amet in augue et sed est sea duo labore sed accusam dolore ipsum praesent. Sed facilisi diam magna erat ea et sit accusam in. Gubergren ea sed qui vero illum velit molestie diam sea erat sit.\nZzril aliquyam dolores congue invidunt nonumy elit te eirmod duo. Kasd amet labore kasd veniam diam sed tempor luptatum consetetur clita. Duis amet sit at lorem no et clita. Ea lorem lorem blandit sanctus labore lorem no iriure blandit kasd gubergren. Minim blandit ipsum facilisis voluptua duo nonumy ipsum stet nam molestie ipsum ut rebum elit accusam amet et. Takimata dolores dolor vel justo facilisis ullamcorper consequat ullamcorper quis tempor amet sit zzril soluta voluptua justo sanctus dolor. Duis eos sea et elitr iriure rebum esse exerci odio eirmod consetetur. Diam lorem magna et ipsum duo lorem diam magna nobis ut eros clita velit vero. Nibh delenit lorem sed sed est. No dolor elitr. Stet duo erat sit dolore elitr eos consetetur minim odio diam est facer dolor. Duo in takimata sadipscing minim no nonumy et magna sed suscipit adipiscing illum aliquip et et accusam. Sed liber et amet. Consetetur duis nonumy elitr nulla magna. Consetetur sea tempor laoreet dolore veniam dignissim et. Amet ut ipsum dolor dolor dolores elitr tation accumsan elitr autem justo lorem congue ut. Sit dolore clita amet vero et tempor. No magna ea stet est dolor vero accusam est nibh. Et et possim sanctus sed.\nConsequat nonumy luptatum wisi amet erat sit voluptua invidunt invidunt sea iusto ea. Aliquyam exerci dolores sed sit sanctus accusam voluptua rebum sanctus rebum ex odio ipsum kasd dolore. Molestie accusam aliquyam lorem est sed nulla invidunt ut clita sed. Sanctus aliquyam gubergren diam dolor invidunt stet aliquam kasd diam rebum nibh rebum sea aliquyam. Gubergren tation lorem illum sea dolore facilisi clita. Duo elitr volutpat voluptua elitr enim amet sadipscing nonumy no lorem feugiat. Clita dolores consequat vero sea lobortis sea aliquam labore. Volutpat at autem ipsum rebum erat no hendrerit. Sit iusto hendrerit nibh ea sit justo erat rebum consequat at.\nNonumy eu sit dolore tempor dolores consetetur ut erat amet et autem sit erat ut. Velit stet magna lorem dolore illum sanctus ipsum sanctus et in eos gubergren. Nonumy at lorem rebum invidunt facilisis consequat dolore sadipscing hendrerit sit accusam dolores tempor sea labore aliquam et. Ea imperdiet dignissim amet stet. Sanctus eros sadipscing te lorem tincidunt lorem feugait. Doming justo magna sit amet ipsum nulla aliquip accusam sanctus elitr diam et duo autem eirmod feugiat. Et amet ut molestie et invidunt duis erat ipsum tincidunt et. Ea sed at ad sed cum tempor justo no sit ipsum sed rebum nonumy ut tincidunt nonumy mazim. Nam diam takimata et eos molestie sea sanctus amet commodo. Amet dolor consectetuer eu dolor labore sit ea elitr sed sit ad nostrud. Elitr accumsan eirmod erat nulla. Laoreet feugiat clita amet ad sea eros rebum aliquyam dolor congue sadipscing velit minim duo. Sed et dolores sanctus erat lorem consequat laoreet sanctus diam ad ad sed.\nIriure ea elitr dolore accusam diam ipsum amet sed in dolore diam nulla clita no sed sit liber. Aliquyam sanctus kasd elitr magna molestie sed est. Est no rebum eos et et dolor sed consetetur tempor sadipscing te erat dolore illum rebum sit. Sadipscing dolor ipsum lorem stet sea luptatum dolores. Elit takimata sea ipsum minim lorem accusam nonumy ipsum diam no diam no gubergren. Et dolor dolore. Sit vero sed nonummy ut nonumy vel sea augue est sit sanctus accumsan et invidunt tempor est dolores. Ea takimata tation erat. Est et eum blandit tempor duo ea et ea erat et laoreet ullamcorper ipsum. Rebum in sit no eos ut et justo diam et eos te et stet. Sed clita tempor kasd vero dolore augue duo accusam no sed ut at takimata gubergren dolore nulla sea. Et iusto consetetur lorem eirmod ipsum et dolores ut no zzril. Elit odio ipsum eros et invidunt dolor. Ut clita et. Erat eirmod luptatum nihil stet nulla sed facilisis sit dolore sadipscing eos dolor rebum tempor rebum vero. Kasd molestie in facer at eos facer commodo euismod amet accusam et. Illum dolor sit justo sit amet. Est gubergren nonumy vero accusam gubergren sed erat sed feugait congue nulla vel consetetur. Tempor volutpat sea sea et takimata eu ea amet sanctus erat est ullamcorper voluptua sed duis.\n","publishDate":"2022-01-28T00:32:08.4051129+00:00"},{"id":6,"title":"Book 6","description":"Et clita dolores consectetuer et aliquam. Accusam tation duo justo et exerci lorem nulla quod gubergren duo clita sadipscing. Dolor in iriure. Amet duo est lorem laoreet dolor dolor vero ipsum luptatum dolore eos eos vulputate eirmod dolore rebum. Quis sit vel dolor vero kasd et et gubergren aliquip iriure ea facilisi.\n","pageCount":600,"excerpt":"Eirmod kasd dolor diam nobis nonumy dolores accusam ipsum ullamcorper. Laoreet ut tempor congue vero ea. Dolore voluptua lorem ut lorem kasd. Et sanctus at wisi magna. At clita dolor invidunt accusam erat ut feugiat elitr clita at sea eos vero accumsan rebum clita clita erat.\nAccumsan amet lorem. Erat sed diam aliquyam et. Accumsan et eros. Veniam sit aliquam sed. Rebum et vulputate rebum at facilisi aliquyam ut gubergren. Sed rebum stet consectetuer invidunt sit dolores eum stet sed nulla ipsum ut sadipscing accusam ut ut delenit ut. Stet sea dolor hendrerit. Voluptua et aliquyam ad eirmod eos lorem et et accumsan diam diam eos placerat takimata duis. Sanctus invidunt nonumy dolores dolor ut consetetur nonumy. Dolores nonumy sanctus consetetur dolores facilisis nostrud aliquam sadipscing dolores tempor aliquyam rebum. Diam diam aliquyam ea sadipscing magna stet vero. Dolore elitr lorem dolores ex amet eos. Tempor sadipscing no dolor magna elit diam tation et tation dolore eos. At accumsan iriure nulla stet diam elitr stet amet. Voluptua sanctus ipsum at.\nAugue no justo tempor zzril amet eirmod lorem diam amet kasd justo sit doming nonumy ullamcorper et. Takimata enim illum sadipscing est gubergren rebum iusto invidunt ut illum qui et feugait magna amet ipsum. Ipsum clita at at odio assum clita dolores vel. Blandit et amet dolor ipsum no sit lorem zzril est ipsum voluptua sanctus sed stet invidunt accusam. Erat dolor enim. Sea iusto tation congue sadipscing et. Elitr eos eirmod elit tation justo eos et et duo odio eos ut facilisis volutpat commodo voluptua nonumy. Amet justo dolores labore eirmod kasd. Et magna ea sed eirmod accusam lorem sea eos. Ea quis nonummy. Eleifend et tempor gubergren facilisis sed euismod diam takimata vero elit accumsan duis tempor te.\nAmet ut dolores invidunt aliquip duo sanctus erat eleifend est diam et id eirmod eos. Ut nibh amet aliquyam ut aliquyam dolore ea tincidunt facer sed ut lorem quod eleifend lorem ipsum. Et consetetur quis voluptua lorem sit dolore. Voluptua nulla ea dolor zzril vero et delenit et et. Rebum nonumy ipsum ipsum dolor tempor kasd diam suscipit rebum sea dolor sed. Amet et diam ea sit nulla lorem congue ut lobortis. Eos sed diam dolores gubergren wisi dignissim ut dolor amet qui sit sed dolore erat eirmod. No commodo duo lorem magna no. Tincidunt amet et ipsum nibh. Illum erat gubergren.\nDolores accusam no at no est. Ut iriure magna et stet tempor labore iriure accumsan nonumy voluptua consequat. Hendrerit sit at tation et cum aliquyam duis accumsan molestie sanctus erat iriure eos stet duo. Dolores et illum facilisi amet. Illum nisl dolore sed dolor tempor vero erat voluptua minim sadipscing dolor illum. Gubergren lorem te euismod dolor amet no nulla sadipscing esse ea no at et iusto erat est. Elitr et sed sea possim at duis at justo. Sit eos tempor tation dolor accusam luptatum rebum exerci sanctus dignissim dolores voluptua voluptua gubergren. Rebum consetetur eum duis in blandit veniam clita est blandit lorem voluptua vel. Erat autem rebum ipsum mazim dolor et et clita tempor consetetur eos gubergren dolore.\n","publishDate":"2022-01-27T00:32:08.40517+00:00"},{"id":7,"title":"Book 7","description":"Lobortis et eu vero sea dolor facilisis dignissim eu eleifend accusam vero odio facilisis. Dolor amet sadipscing. Consetetur sit et aliquip. Et tation et diam suscipit labore nulla rebum.\n","pageCount":700,"excerpt":"Gubergren esse diam takimata elitr dolor ea feugiat sanctus sed. Sea luptatum kasd. Erat dolor consectetuer lorem commodo ut ut sed sit. Vel et ipsum et rebum elitr nibh possim sed justo erat rebum elitr sit dolor sed consetetur duo.\nNo gubergren amet nulla labore kasd et no. Sea at sed et labore at takimata dolore erat voluptua lorem et tempor feugait consequat. Facilisi amet justo ipsum ut sit vel eos sed luptatum laoreet qui. Ipsum accusam et luptatum labore. Sadipscing nonumy accusam takimata at elitr dolor ea sadipscing quis takimata et justo labore amet sit. Et sanctus consetetur adipiscing. Dolores ipsum ut amet dolore vel magna lorem aliquyam lorem ea diam tempor clita sit. In kasd gubergren dolore quod diam justo facilisis accusam eos. Ipsum quis minim eros tempor ut ea est. Eos voluptua dolore erat labore. Facilisis gubergren sanctus sed praesent rebum vel tempor sed eum ex lorem luptatum et aliquyam et feugiat.\nQuis stet et vero. Facilisi sit ea erat justo blandit sea erat. Est dolor tincidunt vero ipsum delenit aliquyam ut eos ipsum erat suscipit dolore dolor sit sadipscing ex. No at possim nulla aliquyam dolore ut ea et amet. Labore consetetur eirmod accumsan labore nonumy justo eirmod dolores aliquyam. At invidunt accusam aliquyam amet lorem. Lorem stet invidunt amet ipsum lorem aliquam in duis ipsum at takimata aliquyam rebum aliquyam clita. In sed labore ipsum. Dolore est labore esse dolor amet soluta tempor sit. Volutpat rebum et invidunt dolor wisi elitr diam sit no luptatum dolor eum quis sit lorem amet. Sit molestie lorem ea. Voluptua aliquyam magna ex ipsum sit sanctus elitr consetetur. Labore sea et dolor consetetur sit elitr dolor.\nDiam voluptua tempor no mazim ut dolor et tincidunt ut ipsum lorem soluta eu no est stet. Dolore accusam ad et voluptua. Imperdiet dolor ut ipsum sit quod gubergren ipsum. Dolore facilisis sit amet et clita sit facer dolores dolore no facilisis magna sanctus. Nam nonumy vulputate elit at amet molestie sadipscing ipsum stet nulla.\nAmet et ut at consetetur amet vel ipsum no sed sed amet ut aliquyam erat. Dolor amet et erat. Rebum clita sanctus consequat et ut aliquyam amet nihil. Diam velit labore amet no ipsum labore adipiscing minim accusam. Commodo vero dolor eum nonumy aliquam no sea sanctus feugiat lorem. Esse zzril no aliquyam duis diam dolores possim in sed dolor rebum amet esse lobortis. Ut adipiscing blandit lorem. Consetetur et ipsum hendrerit praesent invidunt ut est euismod facilisi amet clita sed magna nonummy accusam ut tempor. Dolore eleifend et duo facilisis duo vel qui et quis accusam sadipscing erat consetetur eirmod autem. Vulputate stet dolor amet amet amet. Eirmod dolor dolor.\n","publishDate":"2022-01-26T00:32:08.4052187+00:00"},{"id":8,"title":"Book 8","description":"Eos at accusam dolor exerci sadipscing mazim sed dolor et nulla dolores dolores justo. Est dolore et velit diam et dolor ea ipsum sadipscing sed nonumy ea ipsum aliquyam. Ipsum lorem amet elitr vel amet sed nonumy dolor augue. Amet dolores consetetur nostrud et magna lobortis no vero voluptua adipiscing elit assum. Erat laoreet ut magna. Hendrerit voluptua duo at nonumy.\n","pageCount":800,"excerpt":"Consetetur ut eirmod elit commodo ut tation et dolor lorem. Ea kasd ipsum et sed magna tation vel diam facilisi amet esse sit magna vero ipsum invidunt at. Sed amet amet te. Eirmod possim in sadipscing. Justo et facilisis dolore justo ipsum accusam blandit illum eu erat. Dolor stet lorem diam dolore elitr ut nulla. Diam magna ipsum facilisi possim est. Kasd at velit ipsum ea dolore justo et odio. Diam erat lorem ut eos feugait dolor diam amet illum. Kasd takimata duis vero ea adipiscing aliquyam. Ea sadipscing erat. Et elitr sed sadipscing. Odio rebum ad elitr diam consequat ea invidunt justo erat esse facer id duo ipsum. Takimata sit labore diam tation amet gubergren nonumy vulputate. Consetetur ipsum no praesent duis et zzril sea lorem tempor dolores nisl et feugiat sit dolore tation dignissim.\nLorem at voluptua et augue sed vulputate et esse accusam luptatum vero. Duo tempor dolores gubergren nam invidunt invidunt vero tempor. Dolores dolore eos aliquyam. Magna tincidunt tation imperdiet. Sed duo duo eos nonumy nonumy. Eum duis justo et diam sadipscing dolores dolor sed. Et est ipsum kasd in duo amet gubergren illum diam facilisis labore vel gubergren rebum et eos no amet. Iriure accusam dolores ea hendrerit. Sit rebum gubergren dolor suscipit at zzril ipsum odio ipsum consetetur consequat et labore. Stet vero lorem sed ullamcorper erat no dolor invidunt elit nulla dolor sanctus.\nNisl lorem qui amet. Magna et dolor blandit sit et praesent diam elit voluptua ipsum amet. Enim dolore veniam erat eos duo rebum iriure vel feugait. Erat in diam justo justo eum dolore rebum duis ipsum no stet odio magna. Facer erat aliquip. Sadipscing diam in dolore elitr sit voluptua nonumy nulla. Zzril sadipscing nobis suscipit esse magna consetetur eros delenit est duis. Et vero vel sanctus justo consetetur diam dolore imperdiet et eirmod sea et esse labore eos dolor. Adipiscing hendrerit no dolore clita est et diam invidunt euismod eu erat luptatum labore. Vero delenit commodo consectetuer lobortis. Erat ut ipsum est luptatum sanctus quod iriure dolor invidunt. Voluptua erat eos elitr diam dignissim. Nonummy nulla aliquyam takimata clita sit eu sit iusto dolor sadipscing nonumy ut esse magna. Dolor eos clita nulla no duis dolore. Justo diam kasd esse eirmod gubergren zzril dolor.\nEst vulputate amet voluptua eos ipsum eos dolore nobis elitr option takimata nulla. Amet velit facer dolor ea consetetur magna dolor sed lorem ex lobortis nonumy erat dolor dolor accusam dolor kasd. Illum et eirmod dolor amet rebum lorem et dolore suscipit dolores ea sadipscing aliquyam eum. Justo magna magna ut no sea elitr consequat molestie. Feugait consetetur qui diam et blandit dolor ea erat lorem commodo vel nobis. Eos dolore zzril at et labore ipsum elitr aliquip nulla feugiat diam ea voluptua sed exerci et et feugiat. In diam ad sed sit dolore ut consetetur praesent esse ea consetetur erat. Clita ut voluptua dolores. Lorem invidunt velit sea nonumy gubergren aliquyam dolor lorem suscipit. Vulputate magna et dolores adipiscing diam eirmod invidunt sanctus. Lorem lorem ullamcorper dolores rebum labore amet invidunt. Amet ea et et aliquyam amet ipsum. Ut duo et facilisis rebum lorem. Ipsum wisi nonumy. Dolores lorem et possim nibh ut amet ea voluptua. Voluptua vero aliquip luptatum vulputate nostrud justo sea commodo invidunt amet diam consetetur. Justo amet diam diam sit dolore duo.\nFeugiat sit eirmod dolore facilisis. Magna duo esse voluptua erat ipsum et dolor sed sadipscing iriure. Feugait accusam elitr duis eirmod suscipit et consequat dolor sit. Delenit et vero sit eirmod eos rebum at stet vulputate invidunt praesent justo molestie ipsum sit ut minim magna. Aliquyam accusam labore nulla no ea ut ea sed eirmod sadipscing at ut sit consequat kasd est. Tempor aliquyam ea dolor magna et aliquam odio vero dolor nisl accusam sanctus elitr duis. Sed sadipscing magna sit invidunt dolor eirmod ipsum. At eum sed amet et augue elitr sed dolore voluptua dolor. Erat sea kasd est takimata elitr lobortis aliquyam takimata consequat vel eros et est. Erat no et sit elitr praesent sea takimata consetetur sadipscing nonumy duo amet sit. Diam et wisi vero stet ut et elitr stet lorem commodo dolor. No diam ipsum amet amet et aliquyam accusam. Aliquyam sed duis. Duo sit eum ea eos vero ut ea gubergren. Kasd gubergren in tempor elitr et lorem wisi minim. Dolor dolor et. Nonumy dolor stet dolore nonumy sed dolor diam clita elitr dolores justo enim ad euismod at.\n","publishDate":"2022-01-25T00:32:08.4053309+00:00"},{"id":9,"title":"Book 9","description":"Eu takimata sadipscing diam nisl consetetur accusam lobortis quis sed autem vel dolor et ipsum takimata. Et kasd ipsum at ut adipiscing lorem magna justo gubergren eos accusam sed. Eirmod eos imperdiet. Sea aliquyam duis aliquyam justo amet lobortis imperdiet eirmod iriure lorem facer diam sit takimata. Lorem stet duis duis adipiscing nulla eirmod sadipscing stet ea et labore eirmod nulla iriure amet invidunt. Sit sed nulla sed. Ut accusam lobortis illum magna. Erat at nonumy rebum nulla tempor nulla ad clita blandit blandit sed sanctus elitr esse sed et et. Dolor et amet in justo aliquyam dolore clita dignissim eos.\n","pageCount":900,"excerpt":"Diam eros consetetur iriure. Vero dolor aliquyam nonumy. Enim minim invidunt exerci. Vulputate lorem voluptua stet aliquam amet sit sit amet. Ut sit duo et elitr eos feugait et consetetur dolor. Clita justo doming ea eu vero.\nAmet esse placerat iriure. Eum no consetetur kasd sed eos voluptua sadipscing augue consetetur lorem sadipscing eirmod. Dolor aliquyam vero diam. Et est facilisis rebum magna minim ipsum at sed velit et at clita. Diam gubergren clita sed. Dolore accusam kasd iusto et at vulputate sadipscing clita ut. Ea at erat dolores facilisis assum dolores ea dolor ad tincidunt commodo veniam. Consequat justo veniam est commodo volutpat ut sit gubergren ipsum lobortis tempor. Erat takimata voluptua clita no ut invidunt euismod sed zzril sit illum accusam sadipscing magna ex et. Eirmod vel ea duo takimata erat nonumy rebum dolor takimata stet autem at nonummy assum est qui. Tempor magna et amet sed sit nam dolore amet facilisi diam vero esse justo id sit amet. Ipsum stet sit dolor dolore id lobortis gubergren clita sadipscing diam option elitr ea magna. Rebum lobortis ut sadipscing sanctus eos magna ut stet ea molestie sed magna vero nonumy.\nDolor nam at elitr sed amet facer quis wisi soluta stet eos. Rebum clita justo erat takimata sed ex takimata. Vel magna et labore et et facilisis sea vel lorem dolor ut ullamcorper sed eirmod stet. Est ad dolore est et dolores laoreet stet eleifend te vero ipsum liber lorem et sea tempor. Consetetur voluptua takimata gubergren dolore ut consetetur dolores nostrud eum eleifend nonumy dolores tempor est duo dignissim diam. No magna rebum nostrud accusam dolores aliquyam ipsum sanctus aliquyam sanctus ut te iusto kasd. Tempor magna eirmod iriure. Kasd ipsum nulla in nulla kasd no dolor.\nStet erat amet sanctus takimata aliquyam eirmod invidunt dolore dolore. Eirmod tempor qui lorem est sit aliquam dolore et tempor ad erat nulla sed ut liber. No eos accusam at. Quis clita consequat doming amet sea nonummy. Nonumy sanctus elitr consequat eos. Accumsan veniam vulputate. Ut consetetur eirmod luptatum. Aliquam feugait augue odio at sit duis. Sit amet labore sit at eum nonumy diam tation dolor eu nibh te tempor clita te justo sit. Wisi sit stet dolore at gubergren zzril duo ut feugiat voluptua blandit gubergren.\nTakimata ea eos. Dolores rebum eu erat feugiat possim ipsum vero accusam dolore. Lorem praesent sed lorem diam stet tempor delenit sea consequat gubergren. Consetetur iriure nonumy invidunt justo feugait augue aliquyam nulla sit. Commodo diam nonumy sadipscing eleifend te odio dignissim amet qui suscipit at assum velit. Sanctus labore ipsum lorem ea dolor nam lorem invidunt erat elitr soluta.\n","publishDate":"2022-01-24T00:32:08.4053786+00:00"},{"id":10,"title":"Book 10","description":"Et dolor accusam dolores invidunt commodo eum et ipsum sanctus eirmod. Et labore at nonumy nulla sit dolore facilisis dolor nibh dolore ut iusto dolor sed at. Aliquyam sea sea dolor accusam justo dolore molestie kasd dolor takimata rebum sit magna dolor et sadipscing invidunt. Diam et consequat vero est nonumy gubergren amet facilisi ut augue nonumy facilisi ea aliquam lobortis. Aliquyam ipsum amet. Exerci eos diam adipiscing et minim stet option rebum iusto.\n","pageCount":1000,"excerpt":"Qui veniam takimata minim et erat nihil consetetur vero facilisis duo. Stet amet veniam magna dolor ipsum erat. Sed eros accusam takimata sit dolore et mazim exerci rebum elitr. Justo consequat ipsum esse at elitr. Nulla est qui lorem sed est et laoreet lorem dolor diam no ea invidunt et aliquam diam in amet. Sed justo sanctus invidunt diam amet no nibh elit ipsum voluptua. Commodo labore erat aliquip sed invidunt sadipscing magna facer dolor erat placerat duo voluptua sed accumsan lorem. Vero amet sed.\nLorem lorem autem stet diam sit consetetur. Est at invidunt at aliquyam. Amet sed sed aliquip ipsum. Elitr gubergren vel. Voluptua ullamcorper duo sit odio et magna. Sea rebum sed et in accumsan ea ut eum ipsum facilisi luptatum ea exerci dolor. Duo sit dolore minim. Veniam duis consetetur ut erat diam ipsum sed ipsum duo. Amet voluptua odio et sit facilisis ut ex dolor diam dolor sed velit et. At duis dolor adipiscing et. Ipsum dolore enim qui sit ipsum delenit et ipsum.\nAliquyam elitr erat nonumy sed magna et liber dolores accusam. Exerci gubergren amet. Aliquam voluptua et eos sea sit dolore delenit diam lorem takimata. Ipsum consetetur eirmod enim tempor vero ipsum luptatum amet aliquyam stet assum eos ipsum voluptua laoreet. Feugait tempor est ut assum labore eirmod dolore at et. Ipsum euismod sed suscipit et amet kasd amet eu et diam magna diam duo vel aliquyam sit hendrerit tation. Nulla feugait amet duo sed. Aliquyam sit gubergren erat sit nonummy sea. Praesent labore ut invidunt tempor et sed. Sadipscing sed illum accusam rebum commodo takimata. Sadipscing iriure rebum sit vero justo diam quis feugiat dolore. Sea ut gubergren elitr amet dolor commodo blandit.\nEt eos clita et sea commodo et labore odio accusam at consetetur. Voluptua ut dolore stet eirmod. Sanctus consetetur tincidunt takimata sed zzril aliquyam dolore ut accumsan lorem eos et gubergren. Et facilisi et eu luptatum nisl nam facilisis at gubergren at et eirmod cum sed dolor sed. Invidunt elitr gubergren no amet et dolor diam aliquam tempor feugiat et tation nibh. Erat et diam elit commodo luptatum nisl et duo dolores sit tempor ut elitr imperdiet consetetur clita hendrerit aliquyam. Dolores sit nonumy et vulputate sed velit. Qui dolor ipsum dolor no ipsum dolore dolore rebum luptatum vero vel ea takimata elitr duis ipsum. Ex ut et sadipscing dolores sit nonummy dolor sit dolore gubergren est sadipscing takimata. Erat elit et ea sadipscing invidunt duo et ea aliquyam iriure at stet at gubergren no kasd justo. Suscipit liber et in magna qui consetetur kasd aliquyam rebum et sea suscipit eirmod tincidunt ut elitr. Diam gubergren vero clita nulla takimata augue in magna rebum sed sed clita est clita ipsum sed tincidunt. Takimata diam aliquyam praesent clita vulputate voluptua amet accusam invidunt sea nonumy nonumy consequat. Nulla no et. Sed elitr erat no amet aliquyam amet exerci accusam consetetur lobortis odio lorem. Et dolores dolore. Kasd kasd dolore commodo facilisi nibh lobortis amet no eirmod est. At kasd tempor sadipscing dolor gubergren erat autem ea et ipsum erat.\nConsectetuer amet ea nonumy vero. Est dolor ut est placerat autem consectetuer magna est delenit accusam te blandit amet. Magna et magna dignissim est est sit et nonumy diam dolor diam duo consetetur eirmod sed aliquam. In aliquam clita consetetur dolore dolor dolor consetetur diam. Ipsum ex dolor sit diam dolor dolores. Voluptua tempor ipsum aliquyam laoreet magna nonummy elitr dolor et et nibh consectetuer. Et sit ipsum consetetur. Diam sit at wisi nulla sed nulla minim tation elitr et ad rebum tincidunt accusam. Kasd et facilisi dolor magna ut nostrud lorem ex kasd sit sea. Aliquyam hendrerit dolor labore et ipsum. Exerci cum iusto ipsum aliquyam ipsum et lorem stet vel ex lorem aliquyam hendrerit lorem. Dolore dolor facilisis sit te elit.\n","publishDate":"2022-01-23T00:32:08.4054416+00:00"},{"id":11,"title":"Book 11","description":"Diam adipiscing ipsum diam justo at amet eu euismod et duis augue facilisi dignissim duo rebum. Gubergren ut duo takimata dolor sed dolor voluptua sea at odio nonumy ipsum. Dolore assum ipsum tation aliquyam dolor exerci aliquyam. Ipsum tempor sanctus sed lorem at diam justo aliquyam stet tempor. Id dolor dolor at tation accusam dolor veniam stet diam hendrerit nulla et. Gubergren et amet eirmod ea dolor erat aliquip ea. Sit invidunt eum ut minim. Quis diam veniam justo nam facer diam esse in autem consetetur in magna. Sit quod elitr nonumy dolore sanctus at sea feugiat ea eirmod sadipscing et diam stet. Accumsan ad amet amet dolore rebum et at sit molestie magna. Ea et erat et stet dolore et labore quis. In quis duis ipsum sit iriure sit ad exerci facilisis. Accusam consequat exerci hendrerit magna eos magna eos augue elitr duis ut kasd eros kasd suscipit consequat sanctus. Accusam elitr takimata sit erat lorem eos et justo iriure diam nobis aliquyam. Suscipit consetetur labore blandit dolores sanctus praesent nibh ipsum ea luptatum at invidunt aliquyam eros. Sed iusto et dolore vero magna ipsum dignissim vel labore elitr diam sit magna et. Consequat tempor gubergren sit dolore dolor aliquyam sit ullamcorper rebum consetetur sed. Diam duo sadipscing voluptua blandit dolor sanctus consetetur dolor duis. Dolor eu lorem sed stet eros aliquyam et eum sanctus kasd ipsum.\n","pageCount":1100,"excerpt":"Facilisi et elitr et dolor elit invidunt sanctus dolores sit accusam praesent dolore at autem dolor. Velit quis lorem lorem erat volutpat nobis iusto ipsum lorem. Amet dolor voluptua lorem nonumy dolores voluptua erat delenit accusam euismod ea esse accumsan. At hendrerit augue sed velit tempor erat nulla vero esse. Lorem at lorem suscipit justo mazim illum eum diam esse ipsum sit dolor et sit wisi amet te. Id zzril nulla dolore. No no et nulla vero iriure eirmod dolor et vulputate sit lorem at. Dolore dolore nisl amet consectetuer diam est et ut nibh vel cum labore rebum rebum erat justo sadipscing. Dolore zzril gubergren molestie amet et eleifend ea sit ut lorem accusam sit. Iriure eos sed elitr tempor lorem est lorem commodo eos. Amet possim tation eos eirmod tempor nonumy ipsum duo quis gubergren kasd erat ea no magna clita ut. Magna feugait ipsum kasd veniam ut ut tempor ea kasd gubergren elitr ipsum lorem eum est aliquyam nonumy.\nIpsum dolore duo ut erat et clita illum takimata gubergren dolores sadipscing. Te at sit dolor diam amet kasd ipsum amet accumsan elitr takimata consequat sanctus sea luptatum clita erat sadipscing. Kasd vero et mazim rebum magna sed veniam dolores augue est amet consectetuer erat. Clita stet sea clita velit quod feugait nihil no at sed. Lorem est dolor iriure magna vero eirmod dolor ipsum no sed labore ipsum est consequat ipsum tempor.\nSanctus takimata sanctus erat nisl. Tincidunt diam kasd magna ea vero dolores ut tempor ut tation amet ipsum vero accusam stet voluptua suscipit esse. Accumsan et labore takimata eos quis takimata sea accusam clita lorem no ad in eirmod dignissim diam sit. Labore quod ipsum gubergren amet at tempor labore. Diam diam magna dolore et dolore rebum et ipsum ipsum consequat aliquam amet. Ea consectetuer at dolores aliquip eu invidunt duo volutpat quod diam aliquip imperdiet exerci dolore blandit magna. Nibh clita molestie ad nonumy et justo ea clita. Invidunt ut ipsum amet labore tempor et accumsan at no invidunt ut gubergren veniam. Sanctus elitr et invidunt consequat no illum accusam.\nEsse ipsum dignissim erat exerci sed et duo blandit ipsum dolor velit consetetur accusam no euismod odio. Eos illum lorem volutpat. Et et at. Vel et elitr dolor invidunt kasd amet eu diam magna clita dolore consetetur sit est in. Tempor luptatum ipsum erat exerci sea molestie facilisi ipsum gubergren.\nEu rebum ipsum sed esse illum voluptua et dolor clita sed amet elitr autem erat sed et consequat. Luptatum aliquyam sed ad sit exerci delenit accusam et vero amet eirmod dolor facilisi voluptua ea praesent rebum molestie. Justo aliquyam magna dolores. Et ipsum nibh et eum consetetur et aliquam erat id vero et ea dolor et. Clita feugait et dolor hendrerit nonummy accusam. Elit delenit aliquyam eirmod assum kasd lorem ipsum kasd. Sit suscipit eos vulputate est aliquyam erat duo et ipsum ipsum dolore eos sit luptatum eos. In elit et suscipit nostrud eleifend elitr ex dolor aliquyam sed magna duo takimata at kasd eirmod dolor magna. At lorem accusam eos velit liber invidunt magna justo amet. Diam ea lorem lorem vel. Facilisi aliquip no magna invidunt elitr lorem sit invidunt est. Feugiat sit amet commodo invidunt hendrerit adipiscing labore diam sadipscing labore sea sea eum adipiscing ut sit. Vel rebum takimata ut sit ea ea. Et est stet in est ipsum eleifend lorem invidunt duo est et accusam iusto eirmod. Sit est aliquam consetetur dolore ea clita et volutpat aliquyam clita sed et et diam eum erat dolor no. Accusam illum eirmod dolore nibh sed at magna kasd dolores dolor sed vel elitr. Quis voluptua at in duis.\n","publishDate":"2022-01-22T00:32:08.4055111+00:00"},{"id":12,"title":"Book 12","description":"Eos elitr soluta no ea commodo ea sadipscing accusam ut dolore at. Exerci dolores vulputate duo dolor sadipscing eirmod dolore eleifend augue sed veniam invidunt at sed justo diam. Feugait sed duo kasd dolor commodo dolores stet sea sit duo vel. Wisi justo autem ut consetetur accusam sea dolor accusam minim diam sed imperdiet kasd iriure. Consetetur erat eos dolores dolore magna feugiat te. Aliquam sadipscing sit nibh volutpat. Rebum duo dolore. Erat nibh et wisi. Nonumy magna tempor eum sed eirmod. Diam est dolore dolor facilisis ad erat eu elitr dolor eirmod dolor hendrerit sed diam. Invidunt euismod in iusto amet ea sit labore nonumy ipsum dolore nam sadipscing sit justo. Consequat ut nonumy ea sanctus eirmod elitr amet nonumy sanctus ut euismod in ipsum. Odio nonumy stet sit dolores vel ea vero justo accusam tempor in vero nonumy elitr dolore sed qui odio. Sed nonumy at nonumy eos. Feugait elit nonumy labore gubergren veniam justo at justo volutpat delenit lorem. Zzril sed diam accusam in molestie erat wisi clita zzril assum sadipscing est eu ipsum aliquip volutpat. At in wisi voluptua et ex duo clita et at sit et vero iusto elitr. Diam takimata aliquyam dolor dolores consequat justo sanctus eu duo amet diam. Dolor magna accusam et lorem tincidunt sed aliquip possim praesent mazim ipsum dolor aliquyam est facilisis sed takimata.\n","pageCount":1200,"excerpt":"Suscipit eros hendrerit vero. Dolor nam et feugait clita dolor duo nihil nulla at magna dolore duo possim lorem elit rebum blandit. Nisl amet ipsum iusto ea diam sed amet ut diam.\nIn et est eos dolores gubergren amet sed qui velit eos diam est lorem. Takimata invidunt dolores sed lorem sea et dolores adipiscing at amet est et et volutpat. Consetetur at suscipit sit. Rebum et magna et qui dolor tempor dolore voluptua aliquyam. Duis elitr illum no duo sit diam erat nulla. Ut eu duo nonumy nonummy takimata lorem sanctus aliquyam et blandit ipsum dolor euismod et consequat et invidunt. Dolore ut et consectetuer dolore ullamcorper in est dolore ea. Dolore vero sanctus wisi facilisis tempor rebum dolore vero ut nonumy diam eum ea. Rebum eirmod sanctus nonumy magna vero diam eum diam rebum dolor sit ut dolor sed ut sanctus diam et.\nDolor eos invidunt dolore et feugait stet amet sadipscing sea diam duo lorem. Dolor ea eos qui eos at clita erat dolor sed diam sed erat dolore luptatum praesent invidunt. Magna suscipit et et. Sed mazim eirmod diam nulla labore aliquyam et. Molestie sea et et et diam kasd autem dolore duo. Facilisi sed nulla adipiscing magna.\nEos dolor tempor nostrud takimata tempor gubergren dolore diam sed stet dolore. Rebum nulla stet vero dolor no elit. Veniam vulputate ut ut dolores gubergren dolor. Kasd dolor dolor stet at wisi eos feugait dolor ipsum dignissim sadipscing sit stet clita. Sit et sed et nihil diam iriure est tempor dolore consetetur vero ipsum et laoreet sadipscing stet. Et eos ut ex lorem. Consectetuer lorem sed dolores diam eirmod et dolores duo dolor euismod. Ipsum ea consectetuer lorem takimata te. Ut et no ullamcorper rebum vero exerci nulla et ipsum dolor vel wisi dolores sadipscing. Feugait sed sit magna amet takimata elitr gubergren duo et stet accumsan. Et sadipscing et est. Et amet sanctus et diam vulputate duis euismod lorem eirmod lorem sit kasd.\nDuo elitr duis facilisis eu nostrud clita sed ipsum et nonumy rebum ipsum sed dolores lorem eleifend nonummy tempor. Rebum gubergren kasd rebum est ex sadipscing takimata est. Lorem magna ut delenit commodo vero aliquyam consequat vel duo facilisis illum soluta gubergren quod in quod. Et et dolor hendrerit vero. Sit sea duis ipsum nonumy voluptua sit. Velit diam vero takimata magna diam labore at vero erat invidunt. Accusam congue facilisis duo accusam ea gubergren lorem et facilisi vulputate euismod sed vel duo. Mazim enim dolor enim consequat et gubergren accusam tempor consectetuer erat lorem dolor laoreet no at ipsum vulputate. Kasd dolore vel sea at luptatum sit iriure dolores erat. Esse iriure est consetetur invidunt at magna ipsum consequat et sit liber magna et. Vulputate est tempor lorem dolore no amet vero dignissim. Kasd diam et dolores amet diam euismod tation takimata labore dolore ipsum ex vulputate dolores sadipscing luptatum diam. Augue amet sit takimata sanctus at dolor quod dolor commodo lorem consectetuer accusam vel.\n","publishDate":"2022-01-21T00:32:08.4055752+00:00"},{"id":13,"title":"Book 13","description":"Ut gubergren qui. Et no consetetur ut justo. Hendrerit justo illum feugiat. Nulla no kasd sea diam euismod eirmod ea sed. Ea elitr gubergren ipsum amet erat dolor ea. Magna labore magna voluptua et tempor aliquip sadipscing eirmod est labore. Vero est et aliquyam sed te. Et no erat consetetur at clita eirmod. Labore lorem est et ad takimata diam ea ut dolore wisi tempor et aliquyam dolor clita nibh takimata. Sadipscing esse voluptua in. Dignissim aliquam consetetur dolore amet eos dolore stet tempor. Praesent et luptatum minim dolor lorem cum eos ad ex elitr sanctus. Sea facilisis nostrud lorem tempor ipsum id stet takimata stet stet duo sadipscing rebum no. Clita sed dignissim enim labore feugiat sed eu ea. Ipsum takimata et nonumy tempor labore delenit aliquyam ut nisl aliquip sed elit elit clita at ullamcorper no. Clita te ut id. Ut duis dolore takimata accusam doming amet. Ut dolore amet ea erat vel at ipsum est autem erat ut sit et at accusam aliquyam gubergren et. Nibh invidunt diam stet delenit.\n","pageCount":1300,"excerpt":"Consetetur clita voluptua diam no soluta accumsan sanctus. Duo sadipscing amet. Ut ut hendrerit kasd diam et blandit amet eirmod aliquip duo eu iusto dolore laoreet dolore at tempor tempor. Nonumy amet ipsum clita sea possim et amet delenit no odio dolor zzril kasd. Lorem vero ea hendrerit tincidunt clita eos. Aliquyam sea eu consequat dolore ipsum vero feugait magna tation amet et blandit invidunt amet lorem. Sit at invidunt clita erat est nulla exerci. Erat justo no dolor diam et dolores consetetur sanctus eos ipsum justo duo sadipscing.\nFacer vulputate et nonumy dolores. Autem clita takimata vero velit erat sadipscing aliquip soluta delenit no diam soluta labore consequat clita nulla dolor lorem. Magna sed magna magna consequat ipsum at stet takimata et no. Magna aliquip euismod zzril tempor et eu. Ut magna et elit te erat vulputate in et lorem amet. Ut nibh invidunt at aliquam diam voluptua vulputate consetetur dolore consetetur lorem est. No dolor diam invidunt consequat sit et gubergren magna elitr dolore diam et sanctus. Invidunt nulla ipsum accusam dolore sit esse magna sit elitr kasd at diam et vero. Sit consetetur eos clita aliquam lorem ipsum accusam dolore aliquam. Ipsum consetetur ipsum sed lorem possim dolore. Zzril sed minim sadipscing ea accusam et elitr sadipscing aliquam est eu diam duo nulla et sit dolore.\nIusto luptatum kasd nonumy takimata sadipscing ut eirmod eos consetetur. Dolor facilisis stet suscipit. Ut justo odio ea duo vero sanctus et sed sed justo assum. Enim lorem eos ipsum diam justo labore sea vero vel suscipit clita. Consetetur ipsum eu tempor justo doming tation elitr aliquam. Clita et amet elit te amet amet. At ea vulputate autem laoreet et dolores. Consetetur tincidunt nonummy sadipscing. Dolor sed ea erat takimata labore. Accusam elitr diam accusam lorem elitr gubergren dolore at volutpat. In dolores et consequat lorem elitr no elitr ipsum justo. Eleifend invidunt eu. Voluptua ea sadipscing sit tempor lobortis duis wisi adipiscing et in justo. Lorem eos ut diam sadipscing et eirmod te amet feugiat vero. Ipsum lorem ipsum lorem tempor ut hendrerit gubergren lorem ea sit est. Et eirmod no sed accusam volutpat esse sed. Elitr at et sed elitr ipsum.\nAt sit ipsum eos odio aliquip dolore. Sed takimata dolore. No et diam magna justo sadipscing amet sed clita congue. Takimata tempor labore at tation eos stet duo accumsan vulputate vero diam ad ut illum sed dolor eum. Consetetur elitr velit dolore takimata nostrud ipsum. Et ea sed aliquyam dignissim sit diam amet tempor aliquam erat nam est magna sed et et labore. Consectetuer amet justo lorem. Eleifend et suscipit takimata enim eirmod sed et diam dignissim sed. Dolores ut eirmod duis voluptua diam sit lorem nonumy diam option clita. Ea dolore et luptatum duo sea erat et facilisis vel stet sed dolore. Wisi dolor dolor dolor justo sed est velit dolor delenit lorem takimata est ut sadipscing. Quis eros hendrerit vero et nonummy sanctus duo veniam eum eirmod eirmod esse dolor at. Nulla nostrud clita sit voluptua et magna iusto.\nStet et sit diam. Ipsum eos vero tempor amet gubergren sanctus magna elitr lorem sed sit eos consequat duo invidunt eirmod est nostrud. Kasd kasd dolor dolor magna nulla invidunt feugiat tempor.\n","publishDate":"2022-01-20T00:32:08.4056384+00:00"},{"id":14,"title":"Book 14","description":"Duo amet in diam dolore rebum exerci eos eirmod accumsan ea accusam et lorem erat. Ut sed dolor tation invidunt et et te accusam at diam sanctus takimata magna. Kasd duis ut gubergren blandit ea wisi ut accusam delenit. Takimata duo sit accusam est lorem dolor justo. Consequat diam lorem stet. Rebum et justo diam eirmod nobis dolores takimata stet lorem mazim. Labore amet sadipscing hendrerit elitr et. Est ipsum aliquip.\n","pageCount":1400,"excerpt":"Accusam clita lorem duo dolore amet blandit eum kasd kasd assum. Sit facilisis labore dolor consequat dolor ipsum tation autem ipsum voluptua sed sit dolore eos tempor sed. Ea nonummy in justo invidunt at stet dolore doming dolor consequat amet laoreet sanctus takimata. Sadipscing stet eirmod et ut dolor clita ipsum praesent duo invidunt clita nisl lorem et lorem dolor invidunt duo. Nostrud diam euismod feugait dolores. Facilisi et at sed amet et ut labore eirmod te minim takimata. Justo labore sit tempor duo justo sit. Imperdiet sit in minim est tempor lorem duo gubergren ipsum. Dolores accusam vero sea erat justo sanctus ea sed ut kasd sit aliquip sadipscing dolor lorem. Sed eos voluptua.\nElitr amet tempor tempor dolores in labore ut amet est et. Sed autem at id ut labore clita takimata et tempor illum dolore. Ut lorem eirmod. Diam sadipscing vero. Sit rebum erat dolore sadipscing dolor. Dolore in esse takimata accusam et dolores accusam est dolor dolor dolore rebum. Quod est diam quod blandit minim amet amet no diam magna sed euismod diam et erat ad sit. Iriure at aliquyam eirmod feugiat vel accusam eirmod sit commodo nihil duis qui sed te diam. Adipiscing tation et tation sed molestie blandit consetetur no sanctus est. Sit molestie et amet iriure ipsum in rebum dolor sit amet eum et. Minim facilisis iriure nostrud justo labore adipiscing stet et takimata dignissim feugait stet. Facilisis est wisi sed illum voluptua amet aliquyam.\nAmet ullamcorper ipsum rebum et illum dolore rebum dolore. Consetetur eirmod consequat dolore lorem accusam stet eirmod ipsum diam mazim autem diam ipsum. Tempor amet dolor stet ea et eu. Sed sit consetetur. Erat dolor labore stet. Veniam vel feugiat in vulputate lorem aliquam dolor clita erat voluptua. Sit consequat et lorem no eum. Et sit praesent consetetur eum eos elitr zzril sadipscing hendrerit rebum vero qui consequat invidunt voluptua.\nDiam vel clita dolores duis lorem sed ut rebum sit ipsum. Dolore nonumy ut lorem facer sanctus. Sed dolore blandit eos tempor rebum. Luptatum aliquam elitr diam kasd sed. Magna ipsum ea sanctus sanctus. Ea ipsum sed sea sit kasd sit iusto at est qui elitr vel duis. Exerci nonummy consequat voluptua volutpat diam et invidunt dolor kasd ut duis kasd amet ipsum lorem. Adipiscing et nulla nonumy sed et invidunt diam. Tempor iriure volutpat laoreet amet dolore.\nClita in sit erat et sit consetetur amet duis. Sed lorem et. Eos ut elitr elitr nonummy ea voluptua invidunt. Dolor ipsum sanctus lorem consequat justo. Molestie erat dolore et. Nulla ipsum et enim sea invidunt in dolor at sea diam sed elitr justo sed dolore justo est rebum. Voluptua elitr lorem eos ipsum sed feugiat magna.\n","publishDate":"2022-01-19T00:32:08.4056871+00:00"},{"id":15,"title":"Book 15","description":"Tincidunt et sed facilisis augue dolore te duis illum commodo. Nulla diam possim et consequat elit sed et stet kasd dolore. In takimata vel lorem ut dolores invidunt aliquip facilisi id magna dolor kasd dolor stet sanctus ea consequat. Accusam labore et vel dolor vel sed sed gubergren dolor te. Amet nulla sit volutpat esse diam dolore ullamcorper elit dolores sadipscing lorem rebum sea tempor. Blandit dolore accusam diam ut vero dolore qui at diam ipsum esse sea ut euismod et stet. Rebum dolor ea amet at sed dolore clita gubergren esse placerat amet iusto consetetur sit. Erat sed volutpat diam luptatum facilisis dolor sanctus erat ut erat wisi dolores sed sed voluptua tempor at.\n","pageCount":1500,"excerpt":"Nonumy iriure nulla et facilisi zzril rebum et clita at. Lorem diam ut ut ipsum dolores quod sit tation. Odio et nonummy duis dolore consetetur et dolor veniam. No lorem wisi et ullamcorper ipsum elitr nulla sit dolore at dolores accusam rebum at et.\nClita feugiat veniam at sanctus rebum nulla facilisis et nibh voluptua. Aliquyam voluptua ut amet sea lorem possim et duo consetetur elitr erat sit. Odio lobortis amet nostrud. Kasd justo erat nisl invidunt amet ut duis qui rebum. Eirmod elit eum vel feugiat lorem qui at sanctus lorem consequat accusam suscipit duo tempor sed sanctus quis clita. Illum dolore dolores sit ipsum dignissim facer et tempor eos kasd ut sanctus eirmod vulputate nibh. Diam eirmod iusto ut et nam accusam ut augue vero invidunt et est consequat. Voluptua voluptua praesent luptatum eu magna nonumy clita nulla justo eu dolore sadipscing amet amet volutpat tincidunt dolore. Gubergren sed velit dolore quis ea iriure tempor velit duis suscipit sit justo autem. Nulla erat nonumy at no vero dolor labore amet nulla eirmod vero dolor takimata rebum. Voluptua vero tation magna vero consequat feugait takimata sit accusam sadipscing dolore eirmod. Diam feugiat ut. Dolor aliquip sed ex sit eirmod laoreet diam facilisis. Justo nostrud et duis at est aliquyam diam. No ut sed diam eirmod vero aliquam rebum lorem. Eos ex dolor.\nEa diam ipsum iusto sanctus takimata ut. Sea et duo. Et at et sed elitr eirmod dolore voluptua dolor consequat amet sed aliquyam dolor eos. Dolor sanctus invidunt diam lorem in duis dolor takimata sed praesent nonumy. Sit et duo wisi sit et est lorem gubergren. Feugiat kasd kasd veniam et sed justo kasd no labore sadipscing magna qui.\nTempor dolor amet dolore et justo accusam vero lorem amet et magna eos et dolore. Delenit sadipscing elitr aliquyam luptatum rebum diam sit qui ut magna in sanctus stet accusam dolore illum elitr. Et gubergren lorem eirmod amet id ipsum nisl exerci amet erat eirmod. Eum ea quis. Diam ad laoreet et vero nonumy praesent ut nonumy imperdiet et gubergren commodo qui kasd sed et. Ut diam est sit dolor ipsum in duo labore takimata volutpat ipsum sit sed adipiscing et dolor accusam.\nSea magna et tempor euismod ipsum magna magna rebum magna ea ipsum sanctus option vero consequat et. Vel clita ut sed kasd gubergren praesent dolore option dolore et lorem magna. Exerci tempor diam imperdiet takimata duo esse iriure dolores consetetur tempor diam elitr justo ipsum et dolores. Et aliquyam et nonumy molestie duo justo gubergren et diam duo enim suscipit ipsum lorem lorem nulla duo. Dolore sed commodo iriure diam amet takimata lorem sea sit kasd eirmod. No exerci et te at et accusam est eros erat elit ipsum amet elit nonumy eirmod tempor. Kasd erat takimata sed lorem tempor id erat consetetur voluptua. Clita no tempor invidunt dolores eirmod. Amet sea erat nonumy magna. Justo et rebum ea quis erat justo ea hendrerit dolore est sea diam vero vero sit dolores rebum.\n","publishDate":"2022-01-18T00:32:08.4057394+00:00"},{"id":16,"title":"Book 16","description":"Facer enim labore kasd clita kasd et dolor aliquam aliquyam nostrud lobortis lorem dolor eirmod aliquyam iusto. Luptatum elit diam ipsum in kasd aliquip eum at ea qui lorem at dolore sit aliquip. Et kasd lorem ipsum ea amet justo sed no iusto. Takimata vero ut justo sadipscing eirmod. Eros est mazim et quis sed ea. Ea kasd invidunt iusto voluptua eros. Nonumy amet sed blandit takimata ipsum illum ipsum accusam et diam dignissim. Dolor eu amet amet nisl ut aliquyam eirmod diam luptatum justo te eirmod. Labore clita sed amet amet accusam. Justo accusam no vero nihil. Elitr justo volutpat dolore et nulla clita labore suscipit. Sed eirmod sed sanctus aliquyam lorem dolore sea vero eirmod lorem ex. Aliquyam enim erat elit nibh dolore sea quis lorem. Lorem sit enim diam.\n","pageCount":1600,"excerpt":"Invidunt feugait lorem. Dolore sit consequat ipsum dolore zzril nonumy possim aliquip. No ut veniam aliquyam. Kasd elitr vero invidunt consequat dolor. Ut erat iusto kasd. Kasd sanctus no esse clita amet ipsum ipsum erat. At sit voluptua diam lorem gubergren ipsum wisi justo ut dolores consectetuer ea takimata sit et magna ut dignissim. Dolor dolore ut et nonumy autem placerat clita dolor ut lobortis diam voluptua erat. Vero kasd at no sed. Et dolor takimata eirmod imperdiet diam dolor veniam velit duo molestie ex sit erat sadipscing imperdiet. Volutpat est velit elitr erat illum clita. Ut consequat sanctus accusam duis liber at nibh diam et rebum ipsum et eu takimata nonumy. Voluptua amet accusam iriure kasd labore eros dolor. Tempor est eos consetetur kasd justo rebum voluptua sed lorem aliquyam diam sadipscing. Sit et sea nonummy erat eos sadipscing amet dolor dolor nam elitr ut sed. Nonumy dolore ipsum at sit rebum stet sed dolore lorem. Amet laoreet diam 
[...]
ore ad esse clita gubergren invidunt tation. Augue et elit feugiat dolor stet eirmod erat nibh accusam accusam et at eum hendrerit. Aliquyam lorem at clita accusam dolore accumsan clita et dolores stet illum sit sed rebum dolore et facilisi sit. Consectetuer vero sit in sea hendrerit praesent et elitr vero nihil accumsan vero illum magna. At congue dolores erat magna erat veniam nonummy erat vulputate sed nobis takimata tation clita dolor dolore. Diam eirmod et sit aliquam aliquyam dolore et justo takimata lorem velit dolore luptatum nulla sed. Ipsum diam kasd. Duo labore eos accusam et delenit amet praesent eleifend elitr sit veniam dolore et consetetur praesent diam voluptua et. Ipsum zzril est nonumy erat hendrerit eu tempor feugiat tincidunt dolores clita ea takimata invidunt lorem congue erat. Ea eu lorem eirmod ea elitr sed. Sit dignissim mazim sanctus. Ea ut dignissim vulputate amet labore sadipscing sed ipsum dolor invidunt et et. Imperdiet tation erat diam lorem dolor gubergren vulputate lorem ea autem diam zzril sit rebum nonumy ut. Iusto ullamcorper vero nulla accusam enim no veniam invidunt tincidunt magna lorem stet et accumsan ut.\n","pageCount":19700,"excerpt":"Lorem dolore eirmod sea et nostrud et possim sed est diam et dolor vero clita stet. Consequat sed magna diam autem magna tation clita ex sadipscing consetetur ipsum erat amet elitr. Eum at lorem justo wisi facilisis lorem gubergren magna laoreet lorem clita elit diam vero sadipscing. Lorem no dolores vel stet sed amet aliquyam sit congue ipsum at lorem. Ut consetetur sanctus consectetuer volutpat. Consetetur ipsum vero sadipscing et sadipscing et diam sit duis nulla tempor dignissim molestie. Elitr vero esse illum labore ut eirmod qui sed erat ut stet diam ea dolores vero quis velit dolor. Et labore quod rebum dolor dolor nonumy vel magna accusam et vero amet. Dolore assum velit sit et duo. Justo nonumy ad invidunt erat sit duis stet at et magna qui dolore vel takimata magna volutpat sit.\nIpsum diam takimata diam sed stet consetetur gubergren sed ut no in. Eirmod diam et aliquyam facilisis accumsan eos gubergren et sanctus lorem vel est amet ipsum no. Justo lorem dolores sit ipsum rebum laoreet dolore.\nSit rebum labore vero nibh sed ut lorem hendrerit et. Sanctus eos gubergren voluptua magna. Molestie kasd vulputate eros sit tation sanctus et est est et aliquyam dolor dolor dolore diam. Accusam amet tempor luptatum eum sadipscing eirmod ipsum vero at accusam stet magna at sed iusto. Labore et amet at eirmod sanctus erat tation est. Erat lorem erat feugiat esse praesent lorem. Magna consetetur ut diam. Et et in consectetuer duo lorem invidunt augue tation lobortis nulla duo kasd vero dolore praesent eirmod sea. Voluptua takimata justo labore amet consetetur dolores et dolore lorem kasd minim ut sadipscing ipsum ipsum. Autem sadipscing dolore ex magna. Sea aliquyam duis congue sanctus sanctus vel accusam elitr tempor justo dolore kasd aliquip et sit diam dolores mazim.\nDuis amet duis ut nulla voluptua elit justo delenit duis nulla amet labore clita lorem et veniam. Justo ea dolores justo. Amet sed hendrerit sit erat et sanctus rebum kasd suscipit stet consetetur. Stet invidunt sit invidunt sanctus ut eum. Delenit nonumy diam in eirmod et lobortis sanctus tincidunt voluptua diam amet sit consequat. Dolore aliquyam sit. Exerci dolores commodo molestie et dolores blandit no vero. Et sed dolore sea duo dolore sanctus rebum at et est et dolor liber diam tempor. Et ut consetetur accusam eos aliquam commodo eirmod sed ut esse sea aliquam. Sea gubergren elitr et consectetuer nibh. Qui aliquam vero duo aliquam ut dolor elitr. Sadipscing diam labore lorem ipsum et magna ipsum euismod odio ea et. Aliquyam esse sanctus ipsum est stet amet gubergren dolor sit at feugait illum tempor et lorem. Amet diam sit eum elitr sit ullamcorper dolor dolor dignissim tempor vero.\nMagna ex sadipscing esse lorem clita ut consequat amet elitr ullamcorper sit consetetur hendrerit te est ut facilisis. Consetetur eros kasd eos luptatum facilisi sadipscing ea aliquam erat nulla. Et dolores dolore gubergren. Eirmod volutpat et elitr amet sadipscing lorem lorem tempor sit dolor dolore mazim rebum nisl hendrerit sit justo. Et nibh ut magna sed minim labore amet facilisi sit justo. Kasd luptatum aliquip dolores blandit stet ea dolore dolores takimata et facilisis sit vero vel. Exerci vero justo. Ipsum amet sed. Erat velit nonumy kasd lorem gubergren illum sea sed et sea dolores tempor. Amet erat dolore sea diam rebum at stet qui ipsum labore takimata feugait eu facilisi takimata no. Facilisis takimata nisl sit et iriure. Eos id vel magna clita praesent ipsum diam clita at. Sit diam voluptua diam lobortis et eu ut diam eros qui zzril molestie gubergren dolor elitr sea eum. Volutpat tempor sed elit et vulputate sit et voluptua et invidunt. Magna mazim feugiat sanctus eos minim lorem est sed erat aliquyam enim invidunt. Amet rebum ipsum suscipit consetetur justo kasd ipsum laoreet. Diam erat aliquyam suscipit elitr consectetuer at sit sed diam et takimata dolor lorem lorem erat. Takimata et ipsum praesent iriure te stet hendrerit lorem sed blandit. Eum sanctus sed et no erat consetetur eos laoreet adipiscing ut consetetur est et nulla labore aliquam amet.\n","publishDate":"2021-07-20T00:32:08.4478832+00:00"},{"id":198,"title":"Book 198","description":"Ea eum cum cum ut accumsan option wisi voluptua et gubergren est lobortis no. Accusam sadipscing invidunt kasd tincidunt est lorem dolor amet eros est sed eos sit aliquyam et molestie. Sadipscing nibh sit accusam vero. Ut ipsum consetetur magna tation accusam sanctus suscipit ea nulla takimata diam dolore labore amet tempor. Sadipscing elitr diam tempor clita nonummy sit. Sit sanctus minim ipsum facilisis. Amet et et et sed clita vel diam vero est justo vel augue amet eos nam ipsum. Sanctus accusam takimata. Dolor et vero dignissim elitr labore zzril rebum sadipscing sed vel eirmod sanctus tempor gubergren tempor tempor. Lorem praesent et. Vulputate lorem rebum takimata eos tation cum wisi. Sea eirmod et sanctus at. Possim justo kasd nulla gubergren kasd sed sit no diam.\n","pageCount":19800,"excerpt":"Id kasd eu facilisi vero consetetur elitr labore feugait est consequat gubergren sea aliquyam dolor. Sadipscing amet invidunt zzril possim et ea takimata lorem et takimata no no. Ut dolor eirmod ut gubergren lorem magna dolor sed diam magna. Sea duis dolores ut laoreet. Rebum augue lorem justo dolor et illum labore dolor.\nDolor cum kasd quod elitr accusam et labore eos accusam. Duo hendrerit nihil no aliquam dolore dolores amet exerci nisl praesent eum et eum ea. Aliquam et molestie at laoreet sea amet ea placerat. Et commodo quis molestie magna duis sea lorem nibh amet in iriure odio eos. Ipsum rebum labore. Takimata nonummy dolor eros in dolore vero takimata. Soluta sadipscing sadipscing dolore diam et clita ut dignissim at eos dolores justo sit et eirmod gubergren. Stet kasd elitr diam nibh ea eum dolore lobortis et diam at dolor vero sadipscing ea clita accusam duo. Sanctus est facilisis luptatum doming diam gubergren luptatum facilisi justo aliquyam tation nonumy est.\nLorem at congue. Et sit nonummy elitr amet sit et. Et lorem voluptua. Invidunt invidunt accusam no dolore euismod et vulputate possim aliquyam diam. Diam dolor aliquyam nulla magna magna kasd amet et invidunt eirmod velit diam lorem diam.\nKasd sed diam sadipscing molestie stet iriure molestie ut stet dolor elitr sea eos at exerci nonumy volutpat. Ut sadipscing blandit ad. Rebum hendrerit amet dolor lorem magna no invidunt labore tincidunt vero nonumy accumsan erat est magna sanctus magna. Labore autem et rebum duo ad vero nisl dolores consequat consequat vero. Duis sadipscing sed elitr at iriure aliquyam dolor et sea sed ipsum delenit dolor ipsum sed. Clita kasd kasd vero eu sit facilisis. Sed et facilisis eum sit lobortis duo duis. Te wisi justo stet velit kasd ut in amet suscipit clita elit dolore. Accusam magna tempor adipiscing facer clita accusam dolores magna lorem amet nihil eu. Aliquyam suscipit molestie diam ipsum magna laoreet takimata sed ea vero duo. Wisi et sed enim ipsum et sit. Clita sed eos eum sit clita id. Aliquam stet voluptua amet et elit nostrud dolores eos. At iusto vel facer ut tation sed. Vero odio sed sit dolor voluptua tincidunt te labore aliquyam veniam kasd amet dolor dolore eos. Ipsum dolor et sadipscing labore commodo eos gubergren nonumy et erat sed facer takimata. Diam esse eirmod eirmod mazim ipsum kasd lorem nisl takimata dolor dolores tempor dolore.\nEt suscipit labore stet erat vero sadipscing in est dolores. Feugiat justo duis duo dolore eos dolores accusam dolore stet tempor. Eirmod in sadipscing sit tempor nam labore consequat ipsum duis clita et vel at sadipscing. Labore elitr ut illum at kasd lorem duis sea nisl invidunt. Ipsum no consetetur. Eos sadipscing clita et invidunt gubergren ullamcorper. Et ea sadipscing labore. Diam dolore lorem eu ea.\n","publishDate":"2021-07-19T00:32:08.4486146+00:00"},{"id":199,"title":"Book 199","description":"Kasd quod vero sed stet sanctus aliquyam ea vel diam dolore. Ex volutpat diam sadipscing. Vero zzril eos aliquip eu stet kasd ea rebum est aliquyam nonumy eleifend amet eirmod laoreet dignissim. Velit qui invidunt accumsan hendrerit vulputate elitr lorem veniam vel nonumy.\n","pageCount":19900,"excerpt":"Eirmod accumsan voluptua suscipit ea delenit tempor enim nibh augue in lorem ullamcorper exerci no et. Consetetur ut et diam ut in sadipscing duo. Nobis dolor consequat. Vel ipsum rebum luptatum in labore vero sed sit eos duis voluptua consetetur et no et. Et dolore sed nonumy lorem lorem labore dolor volutpat et dolores eirmod sit ipsum nostrud labore duis. Sadipscing ut diam feugiat voluptua facilisis vel sed duis et labore at vel erat hendrerit invidunt justo rebum. Consetetur gubergren id aliquyam blandit takimata amet facilisi diam voluptua ullamcorper. Vero zzril et tempor sanctus aliquyam invidunt sanctus labore gubergren sit sea lorem feugiat rebum. Eirmod erat quis augue amet augue dolor diam enim lorem accusam suscipit no sanctus et lorem. Gubergren takimata et clita. Invidunt et labore tation. Duo vel et magna invidunt vero duo ut sed et clita aliquyam erat dolor magna. Sit nonumy vero dolor consetetur consequat consequat sea diam diam esse clita amet. Labore veniam ut facilisis labore consetetur labore eos lorem sit sed suscipit erat. Diam erat diam.\nTincidunt ut amet accusam quis sed amet ea no diam dolor vero eu dolore invidunt magna kasd. Accusam stet odio lorem sed tempor aliquyam sanctus facilisi sea ad. Clita stet elitr lorem hendrerit sea et no amet lorem labore no vero. Vero eos gubergren aliquyam sadipscing ipsum nulla est. Consequat diam dolore takimata dolore nostrud est velit elitr est te erat. Dolore duis invidunt clita autem takimata ipsum eos erat nostrud congue feugiat magna sea dolor hendrerit. Veniam ullamcorper et tation hendrerit in duo sit sit lorem vero in et. Stet possim diam sed wisi facilisis magna eirmod sit takimata dolor ex et eos consequat vel ut. Clita duis rebum sit laoreet te diam duo sit aliquyam diam no ut nihil laoreet. Adipiscing nonumy sed dolores option ipsum sit vero vero erat nonumy. In amet ipsum amet et sit vel erat at clita duo no sit imperdiet clita ut facer tincidunt. Dolor dolore voluptua vero nulla stet ut feugait zzril sit. Diam lorem in dolores voluptua voluptua facilisis et vero eirmod et feugait dolore molestie accusam sed lorem ipsum justo.\nDolore dolores sit sed ut iusto stet. Aliquyam sed et. Duo invidunt rebum eos illum accusam takimata nulla at ea duis eirmod. In magna amet invidunt tempor facilisi amet magna invidunt amet tempor est. Vero amet stet erat vel ipsum dolore et nulla sit sea diam zzril duis duis iusto euismod amet eos. Cum hendrerit invidunt exerci vel sadipscing ut tempor et. Sed voluptua duo feugait nihil mazim ea erat justo rebum. Magna stet ut consetetur ipsum hendrerit elitr labore exerci duis delenit sed sed in dolores ipsum et. Ipsum rebum feugiat et ipsum gubergren magna justo et. Est voluptua duis dolor sea in et facilisis dolor dolore invidunt eos sadipscing dolor diam erat autem rebum. Tempor magna erat consetetur justo amet sit mazim clita gubergren. Clita consequat praesent nonumy. Et tempor volutpat velit tempor duo liber clita molestie eos lorem et nibh sanctus takimata duo consequat kasd ex. Gubergren illum nonummy nulla euismod ipsum kasd vel. Et sea est lorem eos congue hendrerit diam. Consequat invidunt voluptua et et erat sit dolore clita et laoreet.\nConsequat rebum et justo volutpat diam dolor dolore eirmod et ut tempor dolore molestie. Dolores accusam sea delenit takimata stet at duo erat ad. Ipsum erat sit tempor tempor dolore dolor id iusto sed et lorem sed et at et dolor. Diam nonumy mazim amet voluptua augue elitr feugiat takimata. Dolore veniam enim eirmod accumsan wisi aliquyam eos ipsum dolor ipsum iusto invidunt vero at commodo. Duo aliquyam ea lorem accusam sea nonumy nonumy labore feugiat tempor accusam ex consetetur takimata invidunt lorem sit. Sit sit rebum magna ipsum ut nonumy amet sed tempor sadipscing justo duo et ut vero. Dolore lorem kasd labore laoreet commodo. Labore consetetur magna volutpat takimata nonummy eirmod tempor kasd volutpat diam veniam ipsum. Minim dolor ad kasd dolor dolore vero sit ut.\nAccusam at duis. Ut amet odio dolor takimata consequat te. Vulputate eirmod sit est eos exerci ut. Dolor et dolores amet sanctus dolor dolores tincidunt diam et nisl. Vero amet invidunt vero dignissim vero at dolore aliquam vero dolor accusam dolores et aliquyam amet dolor dolores. Esse labore consetetur dolore. Diam vel accumsan elitr sed sed.\n","publishDate":"2021-07-18T00:32:08.4486938+00:00"},{"id":200,"title":"Book 200","description":"Sed vel diam amet ut sanctus ut praesent consectetuer ipsum et at eos dolor. Eos option eos diam diam enim et nulla delenit tempor ut ut et lorem labore. Iriure sit iusto no dolores et stet sadipscing dolor rebum ipsum.\n","pageCount":20000,"excerpt":"Amet takimata nostrud sadipscing et commodo dolore eirmod tempor et consetetur takimata elitr amet aliquyam et. Elit dolore delenit aliquam quis sea ut dolores et minim. Erat dolor delenit kasd tincidunt in lorem nihil dolor sea et et elitr diam est lorem diam. Ut magna labore sed euismod ipsum dignissim quis congue vel enim sanctus sed sit. At no nulla. Wisi ipsum et diam consequat. Magna est sit dolor et nonumy lorem exerci feugiat. Adipiscing invidunt dolor tempor kasd. Dolores elitr qui erat erat dolore no dolore et aliquyam. Ut sadipscing no tempor diam praesent. Consetetur consequat invidunt et dolore enim veniam lorem magna no ea possim ut diam laoreet gubergren. Diam diam consequat rebum ea zzril diam laoreet ipsum kasd aliquam magna et est te diam dolore gubergren. Ut ipsum gubergren est labore no sit lorem. Amet in iusto. Labore clita tempor qui sit esse. Dolore dolore stet delenit ipsum amet tation eu.\nInvidunt voluptua magna elitr liber lorem dolore dolores dolore sanctus. Minim at rebum consetetur nonumy nulla dolor no dolore at dolor consetetur rebum. Est justo magna ipsum est sit. Ad accusam gubergren amet dolor labore nihil stet quod. Sadipscing dolore lorem ut diam ipsum ut dolor accusam kasd accusam nulla molestie dolor dolore. Sed ea magna lorem eos et lorem sea. Lorem est quis et eos praesent sit dolor sed ipsum consetetur et congue dolor et sed velit. Feugait aliquam accusam tempor lorem duo takimata in vel. Takimata ut voluptua. In amet vero minim takimata magna congue in. Placerat in nulla tempor aliquam. Tempor consetetur sea quod ea ad ut ea dolores.\nFeugait amet invidunt no sit est voluptua nulla feugait. Vero voluptua ut sea lorem magna tation lorem sanctus ea aliquyam. Consetetur erat iusto ipsum kasd clita sit et blandit vero sanctus erat accusam eirmod takimata. Amet lorem no takimata voluptua ipsum stet dolores nisl adipiscing. Diam eu dolores eirmod laoreet ea diam. At mazim dolor clita gubergren delenit veniam eum amet accusam consetetur lorem est vero ipsum. Exerci tempor vero dolore sit. Lorem enim eros ut vulputate blandit vel justo labore rebum ipsum diam aliquip accusam lorem gubergren et veniam eirmod. Augue dolor no ipsum sanctus eos dolor ipsum lorem erat elitr takimata no. Sit consequat consectetuer no diam elitr sit amet tempor aliquyam sit at. Diam iusto ipsum sed nulla dolor eu accusam sea est augue feugiat veniam. Et et et vulputate sit consequat elitr dolor eu suscipit sed ut sed diam ipsum dolor sit eu erat. Exerci ullamcorper duo duo duis te aliquyam eirmod nibh autem eos lorem dolore. Takimata aliquyam feugiat nulla nonumy. Amet nulla nonumy tation dignissim aliquyam vulputate nonumy eos dolore gubergren magna lorem lorem quod duis dolor ullamcorper. Justo ut lorem lobortis. Dolor elitr lorem amet consequat justo stet nam sadipscing ipsum amet et ut euismod magna ex et.\nEos esse elitr sit magna eirmod. Tempor voluptua quis justo hendrerit dolor invidunt dolor accusam quis et sed vulputate est justo et esse clita. In sed sadipscing at clita ea aliquyam labore no volutpat consetetur diam accumsan labore eirmod et. Elitr ut eu invidunt. Dolore iusto blandit voluptua facilisis sit iriure. Rebum eirmod nonumy. Possim duo ut sit invidunt hendrerit nulla at dolore dolores imperdiet aliquam nobis sed accusam stet vel elit commodo.\nRebum erat magna sed invidunt vel erat tation sit lobortis sanctus dolor feugait nibh. Laoreet invidunt laoreet justo at kasd et consequat kasd aliquyam in esse autem. Ex aliquip nonumy gubergren volutpat nibh eos consectetuer vero lorem qui euismod eirmod duo diam facer. Sea et sit molestie doming lorem nibh ut ut. Duis gubergren clita. Dolor amet feugiat amet sanctus dolores eros eos ipsum. Consetetur tempor laoreet sit rebum nihil dignissim eos esse nulla. Facilisis vel eu lorem vel erat. Duo consectetuer erat et amet. Odio stet lorem eirmod eos vero gubergren ut sadipscing et at ipsum stet.\n","publishDate":"2021-07-17T00:32:08.4487637+00:00"}]</msg>
<status status="PASS" starttime="20220201 21:32:10.028" endtime="20220201 21:32:10.039"/>
</kw>
<kw name="Set Test Variable" library="BuiltIn">
<arg>${RESPOSTA}</arg>
<doc>Makes a variable available everywhere within the scope of the current test.</doc>
<msg timestamp="20220201 21:32:10.040" level="INFO">${RESPOSTA} = &lt;Response [200]&gt;</msg>
<status status="PASS" starttime="20220201 21:32:10.040" endtime="20220201 21:32:10.040"/>
</kw>
<kw name="Should Be Equal As Strings" library="BuiltIn">
<arg>${RESPOSTA.status_code}</arg>
<arg>200</arg>
<doc>Fails if objects are unequal after converting them to strings.</doc>
<msg timestamp="20220201 21:32:10.043" level="INFO">Argument types are:
&lt;class 'int'&gt;
&lt;type 'unicode'&gt;</msg>
<status status="PASS" starttime="20220201 21:32:10.042" endtime="20220201 21:32:10.043"/>
</kw>
<kw name="Should Be Equal As Strings" library="BuiltIn">
<arg>${RESPOSTA.reason}</arg>
<arg>OK</arg>
<doc>Fails if objects are unequal after converting them to strings.</doc>
<status status="PASS" starttime="20220201 21:32:10.043" endtime="20220201 21:32:10.044"/>
</kw>
<status status="PASS" starttime="20220201 21:32:07.822" endtime="20220201 21:32:10.045"/>
</test>
<doc>Aqui estarão presentes os testes de API automatizados.</doc>
<status status="PASS" starttime="20220201 21:32:07.272" endtime="20220201 21:32:10.046"/>
</suite>
<statistics>
<total>
<stat pass="1" fail="0" skip="0">All Tests</stat>
</total>
<tag>
</tag>
<suite>
<stat pass="1" fail="0" skip="0" id="s1" name="Apiautomation">Apiautomation</stat>
</suite>
</statistics>
<errors>
<msg timestamp="20220201 21:32:07.821" level="ERROR">Error in file 'C:\Users\User\Desktop\cursorobotframework\src\config\package.robot' on line 20: Invalid resource file extension '.yaml'. Supported extensions are '.resource', '.robot', '.txt', '.tsv', '.rst' and '.rest'.</msg>
</errors>
</robot>
